2022-01-23 21:15:10.460 [restartedMain] INFO  com.submit.WorkuploadApplication - Starting WorkuploadApplication on MONSTERCAI-NB1 with PID 3288 (E:\jetbrain_project\workupload\target\classes started by xinxin in E:\jetbrain_project\workupload)
2022-01-23 21:15:10.462 [restartedMain] INFO  com.submit.WorkuploadApplication - The following profiles are active: upload
2022-01-23 21:15:10.495 [restartedMain] INFO  o.s.b.d.env.DevToolsPropertyDefaultsPostProcessor - Devtools property defaults active! Set 'spring.devtools.add-properties' to 'false' to disable
2022-01-23 21:15:10.495 [restartedMain] INFO  o.s.b.d.env.DevToolsPropertyDefaultsPostProcessor - For additional web related logging consider setting the 'logging.level.web' property to 'DEBUG'
2022-01-23 21:15:11.142 [restartedMain] INFO  o.s.c.s.PostProcessorRegistrationDelegate$BeanPostProcessorChecker - Bean 'shiroConfig' of type [com.submit.config.ShiroConfig$$EnhancerBySpringCGLIB$$bd1fe61a] is not eligible for getting processed by all BeanPostProcessors (for example: not eligible for auto-proxying)
2022-01-23 21:15:11.148 [restartedMain] INFO  o.s.c.s.PostProcessorRegistrationDelegate$BeanPostProcessorChecker - Bean 'org.springframework.transaction.annotation.ProxyTransactionManagementConfiguration' of type [org.springframework.transaction.annotation.ProxyTransactionManagementConfiguration$$EnhancerBySpringCGLIB$$310e6185] is not eligible for getting processed by all BeanPostProcessors (for example: not eligible for auto-proxying)
2022-01-23 21:15:11.188 [restartedMain] INFO  o.s.c.s.PostProcessorRegistrationDelegate$BeanPostProcessorChecker - Bean 'mybatis-org.mybatis.spring.boot.autoconfigure.MybatisProperties' of type [org.mybatis.spring.boot.autoconfigure.MybatisProperties] is not eligible for getting processed by all BeanPostProcessors (for example: not eligible for auto-proxying)
2022-01-23 21:15:11.193 [restartedMain] INFO  o.s.c.s.PostProcessorRegistrationDelegate$BeanPostProcessorChecker - Bean 'org.mybatis.spring.boot.autoconfigure.MybatisAutoConfiguration' of type [org.mybatis.spring.boot.autoconfigure.MybatisAutoConfiguration$$EnhancerBySpringCGLIB$$63e2b2b5] is not eligible for getting processed by all BeanPostProcessors (for example: not eligible for auto-proxying)
2022-01-23 21:15:11.199 [restartedMain] INFO  o.s.c.s.PostProcessorRegistrationDelegate$BeanPostProcessorChecker - Bean 'druidConfig' of type [com.submit.config.DruidConfig$$EnhancerBySpringCGLIB$$11c6498b] is not eligible for getting processed by all BeanPostProcessors (for example: not eligible for auto-proxying)
2022-01-23 21:15:11.238 [restartedMain] INFO  o.s.c.s.PostProcessorRegistrationDelegate$BeanPostProcessorChecker - Bean 'dataSource' of type [com.alibaba.druid.pool.DruidDataSource] is not eligible for getting processed by all BeanPostProcessors (for example: not eligible for auto-proxying)
2022-01-23 21:15:11.252 [restartedMain] INFO  o.s.c.s.PostProcessorRegistrationDelegate$BeanPostProcessorChecker - Bean 'spring.datasource-org.springframework.boot.autoconfigure.jdbc.DataSourceProperties' of type [org.springframework.boot.autoconfigure.jdbc.DataSourceProperties] is not eligible for getting processed by all BeanPostProcessors (for example: not eligible for auto-proxying)
2022-01-23 21:15:11.255 [restartedMain] INFO  o.s.c.s.PostProcessorRegistrationDelegate$BeanPostProcessorChecker - Bean 'org.springframework.boot.autoconfigure.jdbc.DataSourceInitializerInvoker' of type [org.springframework.boot.autoconfigure.jdbc.DataSourceInitializerInvoker] is not eligible for getting processed by all BeanPostProcessors (for example: not eligible for auto-proxying)
2022-01-23 21:15:11.438 [restartedMain] INFO  o.s.c.s.PostProcessorRegistrationDelegate$BeanPostProcessorChecker - Bean 'sqlSessionFactory' of type [org.apache.ibatis.session.defaults.DefaultSqlSessionFactory] is not eligible for getting processed by all BeanPostProcessors (for example: not eligible for auto-proxying)
2022-01-23 21:15:11.442 [restartedMain] INFO  o.s.c.s.PostProcessorRegistrationDelegate$BeanPostProcessorChecker - Bean 'sqlSessionTemplate' of type [org.mybatis.spring.SqlSessionTemplate] is not eligible for getting processed by all BeanPostProcessors (for example: not eligible for auto-proxying)
2022-01-23 21:15:11.443 [restartedMain] INFO  o.s.c.s.PostProcessorRegistrationDelegate$BeanPostProcessorChecker - Bean 'studentMapper' of type [org.mybatis.spring.mapper.MapperFactoryBean] is not eligible for getting processed by all BeanPostProcessors (for example: not eligible for auto-proxying)
2022-01-23 21:15:11.445 [restartedMain] INFO  o.s.c.s.PostProcessorRegistrationDelegate$BeanPostProcessorChecker - Bean 'studentMapper' of type [com.sun.proxy.$Proxy63] is not eligible for getting processed by all BeanPostProcessors (for example: not eligible for auto-proxying)
2022-01-23 21:15:11.447 [restartedMain] INFO  o.s.c.s.PostProcessorRegistrationDelegate$BeanPostProcessorChecker - Bean 'teacherMapper' of type [org.mybatis.spring.mapper.MapperFactoryBean] is not eligible for getting processed by all BeanPostProcessors (for example: not eligible for auto-proxying)
2022-01-23 21:15:11.448 [restartedMain] INFO  o.s.c.s.PostProcessorRegistrationDelegate$BeanPostProcessorChecker - Bean 'teacherMapper' of type [com.sun.proxy.$Proxy65] is not eligible for getting processed by all BeanPostProcessors (for example: not eligible for auto-proxying)
2022-01-23 21:15:11.448 [restartedMain] INFO  o.s.c.s.PostProcessorRegistrationDelegate$BeanPostProcessorChecker - Bean 'userRealm' of type [com.submit.config.UserRealm] is not eligible for getting processed by all BeanPostProcessors (for example: not eligible for auto-proxying)
2022-01-23 21:15:12.258 [restartedMain] INFO  o.s.c.s.PostProcessorRegistrationDelegate$BeanPostProcessorChecker - Bean 'securityManager' of type [org.apache.shiro.web.mgt.DefaultWebSecurityManager] is not eligible for getting processed by all BeanPostProcessors (for example: not eligible for auto-proxying)
2022-01-23 21:15:12.628 [restartedMain] INFO  o.s.boot.web.embedded.tomcat.TomcatWebServer - Tomcat initialized with port(s): 8080 (http)
2022-01-23 21:15:12.641 [restartedMain] INFO  org.apache.coyote.http11.Http11NioProtocol - Initializing ProtocolHandler ["http-nio-8080"]
2022-01-23 21:15:12.649 [restartedMain] INFO  org.apache.catalina.core.StandardService - Starting service [Tomcat]
2022-01-23 21:15:12.650 [restartedMain] INFO  org.apache.catalina.core.StandardEngine - Starting Servlet engine: [Apache Tomcat/9.0.17]
2022-01-23 21:15:12.760 [restartedMain] INFO  o.a.c.core.ContainerBase.[Tomcat].[localhost].[/] - Initializing Spring embedded WebApplicationContext
2022-01-23 21:15:12.760 [restartedMain] INFO  org.springframework.web.context.ContextLoader - Root WebApplicationContext: initialization completed in 2260 ms
2022-01-23 21:15:12.948 [restartedMain] INFO  o.s.scheduling.concurrent.ThreadPoolTaskExecutor - Initializing ExecutorService 'applicationTaskExecutor'
2022-01-23 21:15:13.053 [restartedMain] INFO  o.s.b.a.web.servlet.WelcomePageHandlerMapping - Adding welcome page: class path resource [static/index.html]
2022-01-23 21:15:13.190 [restartedMain] INFO  o.s.b.d.autoconfigure.OptionalLiveReloadServer - LiveReload server is running on port 35729
2022-01-23 21:15:13.222 [restartedMain] INFO  org.apache.coyote.http11.Http11NioProtocol - Starting ProtocolHandler ["http-nio-8080"]
2022-01-23 21:15:13.246 [restartedMain] INFO  o.s.boot.web.embedded.tomcat.TomcatWebServer - Tomcat started on port(s): 8080 (http) with context path ''
2022-01-23 21:15:13.248 [restartedMain] INFO  com.submit.WorkuploadApplication - Started WorkuploadApplication in 3.173 seconds (JVM running for 4.906)
2022-01-23 21:15:22.161 [http-nio-8080-exec-1] INFO  o.a.c.core.ContainerBase.[Tomcat].[localhost].[/] - Initializing Spring DispatcherServlet 'dispatcherServlet'
2022-01-23 21:15:22.161 [http-nio-8080-exec-1] INFO  org.springframework.web.servlet.DispatcherServlet - Initializing Servlet 'dispatcherServlet'
2022-01-23 21:15:22.166 [http-nio-8080-exec-1] INFO  org.springframework.web.servlet.DispatcherServlet - Completed initialization in 5 ms
2022-01-23 21:17:00.190 [restartedMain] INFO  com.submit.WorkuploadApplication - Starting WorkuploadApplication on MONSTERCAI-NB1 with PID 10532 (E:\jetbrain_project\workupload\target\classes started by xinxin in E:\jetbrain_project\workupload)
2022-01-23 21:17:00.192 [restartedMain] INFO  com.submit.WorkuploadApplication - The following profiles are active: upload
2022-01-23 21:17:00.217 [restartedMain] INFO  o.s.b.d.env.DevToolsPropertyDefaultsPostProcessor - Devtools property defaults active! Set 'spring.devtools.add-properties' to 'false' to disable
2022-01-23 21:17:00.218 [restartedMain] INFO  o.s.b.d.env.DevToolsPropertyDefaultsPostProcessor - For additional web related logging consider setting the 'logging.level.web' property to 'DEBUG'
2022-01-23 21:17:00.830 [restartedMain] INFO  o.s.c.s.PostProcessorRegistrationDelegate$BeanPostProcessorChecker - Bean 'shiroConfig' of type [com.submit.config.ShiroConfig$$EnhancerBySpringCGLIB$$6592eb71] is not eligible for getting processed by all BeanPostProcessors (for example: not eligible for auto-proxying)
2022-01-23 21:17:00.836 [restartedMain] INFO  o.s.c.s.PostProcessorRegistrationDelegate$BeanPostProcessorChecker - Bean 'org.springframework.transaction.annotation.ProxyTransactionManagementConfiguration' of type [org.springframework.transaction.annotation.ProxyTransactionManagementConfiguration$$EnhancerBySpringCGLIB$$d98166dc] is not eligible for getting processed by all BeanPostProcessors (for example: not eligible for auto-proxying)
2022-01-23 21:17:00.870 [restartedMain] INFO  o.s.c.s.PostProcessorRegistrationDelegate$BeanPostProcessorChecker - Bean 'mybatis-org.mybatis.spring.boot.autoconfigure.MybatisProperties' of type [org.mybatis.spring.boot.autoconfigure.MybatisProperties] is not eligible for getting processed by all BeanPostProcessors (for example: not eligible for auto-proxying)
2022-01-23 21:17:00.875 [restartedMain] INFO  o.s.c.s.PostProcessorRegistrationDelegate$BeanPostProcessorChecker - Bean 'org.mybatis.spring.boot.autoconfigure.MybatisAutoConfiguration' of type [org.mybatis.spring.boot.autoconfigure.MybatisAutoConfiguration$$EnhancerBySpringCGLIB$$c55b80c] is not eligible for getting processed by all BeanPostProcessors (for example: not eligible for auto-proxying)
2022-01-23 21:17:00.879 [restartedMain] INFO  o.s.c.s.PostProcessorRegistrationDelegate$BeanPostProcessorChecker - Bean 'druidConfig' of type [com.submit.config.DruidConfig$$EnhancerBySpringCGLIB$$ba394ee2] is not eligible for getting processed by all BeanPostProcessors (for example: not eligible for auto-proxying)
2022-01-23 21:17:00.909 [restartedMain] INFO  o.s.c.s.PostProcessorRegistrationDelegate$BeanPostProcessorChecker - Bean 'dataSource' of type [com.alibaba.druid.pool.DruidDataSource] is not eligible for getting processed by all BeanPostProcessors (for example: not eligible for auto-proxying)
2022-01-23 21:17:00.921 [restartedMain] INFO  o.s.c.s.PostProcessorRegistrationDelegate$BeanPostProcessorChecker - Bean 'spring.datasource-org.springframework.boot.autoconfigure.jdbc.DataSourceProperties' of type [org.springframework.boot.autoconfigure.jdbc.DataSourceProperties] is not eligible for getting processed by all BeanPostProcessors (for example: not eligible for auto-proxying)
2022-01-23 21:17:00.924 [restartedMain] INFO  o.s.c.s.PostProcessorRegistrationDelegate$BeanPostProcessorChecker - Bean 'org.springframework.boot.autoconfigure.jdbc.DataSourceInitializerInvoker' of type [org.springframework.boot.autoconfigure.jdbc.DataSourceInitializerInvoker] is not eligible for getting processed by all BeanPostProcessors (for example: not eligible for auto-proxying)
2022-01-23 21:17:01.056 [restartedMain] INFO  o.s.c.s.PostProcessorRegistrationDelegate$BeanPostProcessorChecker - Bean 'sqlSessionFactory' of type [org.apache.ibatis.session.defaults.DefaultSqlSessionFactory] is not eligible for getting processed by all BeanPostProcessors (for example: not eligible for auto-proxying)
2022-01-23 21:17:01.060 [restartedMain] INFO  o.s.c.s.PostProcessorRegistrationDelegate$BeanPostProcessorChecker - Bean 'sqlSessionTemplate' of type [org.mybatis.spring.SqlSessionTemplate] is not eligible for getting processed by all BeanPostProcessors (for example: not eligible for auto-proxying)
2022-01-23 21:17:01.069 [restartedMain] INFO  o.s.c.s.PostProcessorRegistrationDelegate$BeanPostProcessorChecker - Bean 'studentMapper' of type [org.mybatis.spring.mapper.MapperFactoryBean] is not eligible for getting processed by all BeanPostProcessors (for example: not eligible for auto-proxying)
2022-01-23 21:17:01.071 [restartedMain] INFO  o.s.c.s.PostProcessorRegistrationDelegate$BeanPostProcessorChecker - Bean 'studentMapper' of type [com.sun.proxy.$Proxy63] is not eligible for getting processed by all BeanPostProcessors (for example: not eligible for auto-proxying)
2022-01-23 21:17:01.074 [restartedMain] INFO  o.s.c.s.PostProcessorRegistrationDelegate$BeanPostProcessorChecker - Bean 'teacherMapper' of type [org.mybatis.spring.mapper.MapperFactoryBean] is not eligible for getting processed by all BeanPostProcessors (for example: not eligible for auto-proxying)
2022-01-23 21:17:01.075 [restartedMain] INFO  o.s.c.s.PostProcessorRegistrationDelegate$BeanPostProcessorChecker - Bean 'teacherMapper' of type [com.sun.proxy.$Proxy65] is not eligible for getting processed by all BeanPostProcessors (for example: not eligible for auto-proxying)
2022-01-23 21:17:01.075 [restartedMain] INFO  o.s.c.s.PostProcessorRegistrationDelegate$BeanPostProcessorChecker - Bean 'userRealm' of type [com.submit.config.UserRealm] is not eligible for getting processed by all BeanPostProcessors (for example: not eligible for auto-proxying)
2022-01-23 21:17:01.871 [restartedMain] INFO  o.s.c.s.PostProcessorRegistrationDelegate$BeanPostProcessorChecker - Bean 'securityManager' of type [org.apache.shiro.web.mgt.DefaultWebSecurityManager] is not eligible for getting processed by all BeanPostProcessors (for example: not eligible for auto-proxying)
2022-01-23 21:17:02.157 [restartedMain] INFO  o.s.boot.web.embedded.tomcat.TomcatWebServer - Tomcat initialized with port(s): 8080 (http)
2022-01-23 21:17:02.166 [restartedMain] INFO  org.apache.coyote.http11.Http11NioProtocol - Initializing ProtocolHandler ["http-nio-8080"]
2022-01-23 21:17:02.173 [restartedMain] INFO  org.apache.catalina.core.StandardService - Starting service [Tomcat]
2022-01-23 21:17:02.173 [restartedMain] INFO  org.apache.catalina.core.StandardEngine - Starting Servlet engine: [Apache Tomcat/9.0.17]
2022-01-23 21:17:02.266 [restartedMain] INFO  o.a.c.core.ContainerBase.[Tomcat].[localhost].[/] - Initializing Spring embedded WebApplicationContext
2022-01-23 21:17:02.266 [restartedMain] INFO  org.springframework.web.context.ContextLoader - Root WebApplicationContext: initialization completed in 2048 ms
2022-01-23 21:17:02.433 [restartedMain] INFO  o.s.scheduling.concurrent.ThreadPoolTaskExecutor - Initializing ExecutorService 'applicationTaskExecutor'
2022-01-23 21:17:02.518 [restartedMain] INFO  o.s.b.a.web.servlet.WelcomePageHandlerMapping - Adding welcome page: class path resource [static/index.html]
2022-01-23 21:17:02.628 [restartedMain] INFO  o.s.b.d.autoconfigure.OptionalLiveReloadServer - LiveReload server is running on port 35729
2022-01-23 21:17:02.650 [restartedMain] INFO  org.apache.coyote.http11.Http11NioProtocol - Starting ProtocolHandler ["http-nio-8080"]
2022-01-23 21:17:02.668 [restartedMain] INFO  o.s.boot.web.embedded.tomcat.TomcatWebServer - Tomcat started on port(s): 8080 (http) with context path ''
2022-01-23 21:17:02.670 [restartedMain] INFO  com.submit.WorkuploadApplication - Started WorkuploadApplication in 2.795 seconds (JVM running for 4.353)
2022-01-23 21:17:10.603 [http-nio-8080-exec-1] INFO  o.a.c.core.ContainerBase.[Tomcat].[localhost].[/] - Initializing Spring DispatcherServlet 'dispatcherServlet'
2022-01-23 21:17:10.603 [http-nio-8080-exec-1] INFO  org.springframework.web.servlet.DispatcherServlet - Initializing Servlet 'dispatcherServlet'
2022-01-23 21:17:10.608 [http-nio-8080-exec-1] INFO  org.springframework.web.servlet.DispatcherServlet - Completed initialization in 5 ms
2022-01-23 21:18:18.640 [restartedMain] INFO  com.submit.WorkuploadApplication - Starting WorkuploadApplication on MONSTERCAI-NB1 with PID 17704 (E:\jetbrain_project\workupload\target\classes started by xinxin in E:\jetbrain_project\workupload)
2022-01-23 21:18:18.642 [restartedMain] INFO  com.submit.WorkuploadApplication - The following profiles are active: upload
2022-01-23 21:18:18.695 [restartedMain] INFO  o.s.b.d.env.DevToolsPropertyDefaultsPostProcessor - Devtools property defaults active! Set 'spring.devtools.add-properties' to 'false' to disable
2022-01-23 21:18:18.695 [restartedMain] INFO  o.s.b.d.env.DevToolsPropertyDefaultsPostProcessor - For additional web related logging consider setting the 'logging.level.web' property to 'DEBUG'
2022-01-23 21:18:19.291 [restartedMain] INFO  o.s.c.s.PostProcessorRegistrationDelegate$BeanPostProcessorChecker - Bean 'shiroConfig' of type [com.submit.config.ShiroConfig$$EnhancerBySpringCGLIB$$79124801] is not eligible for getting processed by all BeanPostProcessors (for example: not eligible for auto-proxying)
2022-01-23 21:18:19.297 [restartedMain] INFO  o.s.c.s.PostProcessorRegistrationDelegate$BeanPostProcessorChecker - Bean 'org.springframework.transaction.annotation.ProxyTransactionManagementConfiguration' of type [org.springframework.transaction.annotation.ProxyTransactionManagementConfiguration$$EnhancerBySpringCGLIB$$ed00c36c] is not eligible for getting processed by all BeanPostProcessors (for example: not eligible for auto-proxying)
2022-01-23 21:18:19.332 [restartedMain] INFO  o.s.c.s.PostProcessorRegistrationDelegate$BeanPostProcessorChecker - Bean 'mybatis-org.mybatis.spring.boot.autoconfigure.MybatisProperties' of type [org.mybatis.spring.boot.autoconfigure.MybatisProperties] is not eligible for getting processed by all BeanPostProcessors (for example: not eligible for auto-proxying)
2022-01-23 21:18:19.337 [restartedMain] INFO  o.s.c.s.PostProcessorRegistrationDelegate$BeanPostProcessorChecker - Bean 'org.mybatis.spring.boot.autoconfigure.MybatisAutoConfiguration' of type [org.mybatis.spring.boot.autoconfigure.MybatisAutoConfiguration$$EnhancerBySpringCGLIB$$1fd5149c] is not eligible for getting processed by all BeanPostProcessors (for example: not eligible for auto-proxying)
2022-01-23 21:18:19.342 [restartedMain] INFO  o.s.c.s.PostProcessorRegistrationDelegate$BeanPostProcessorChecker - Bean 'druidConfig' of type [com.submit.config.DruidConfig$$EnhancerBySpringCGLIB$$cdb8ab72] is not eligible for getting processed by all BeanPostProcessors (for example: not eligible for auto-proxying)
2022-01-23 21:18:19.372 [restartedMain] INFO  o.s.c.s.PostProcessorRegistrationDelegate$BeanPostProcessorChecker - Bean 'dataSource' of type [com.alibaba.druid.pool.DruidDataSource] is not eligible for getting processed by all BeanPostProcessors (for example: not eligible for auto-proxying)
2022-01-23 21:18:19.385 [restartedMain] INFO  o.s.c.s.PostProcessorRegistrationDelegate$BeanPostProcessorChecker - Bean 'spring.datasource-org.springframework.boot.autoconfigure.jdbc.DataSourceProperties' of type [org.springframework.boot.autoconfigure.jdbc.DataSourceProperties] is not eligible for getting processed by all BeanPostProcessors (for example: not eligible for auto-proxying)
2022-01-23 21:18:19.388 [restartedMain] INFO  o.s.c.s.PostProcessorRegistrationDelegate$BeanPostProcessorChecker - Bean 'org.springframework.boot.autoconfigure.jdbc.DataSourceInitializerInvoker' of type [org.springframework.boot.autoconfigure.jdbc.DataSourceInitializerInvoker] is not eligible for getting processed by all BeanPostProcessors (for example: not eligible for auto-proxying)
2022-01-23 21:18:19.546 [restartedMain] INFO  o.s.c.s.PostProcessorRegistrationDelegate$BeanPostProcessorChecker - Bean 'sqlSessionFactory' of type [org.apache.ibatis.session.defaults.DefaultSqlSessionFactory] is not eligible for getting processed by all BeanPostProcessors (for example: not eligible for auto-proxying)
2022-01-23 21:18:19.551 [restartedMain] INFO  o.s.c.s.PostProcessorRegistrationDelegate$BeanPostProcessorChecker - Bean 'sqlSessionTemplate' of type [org.mybatis.spring.SqlSessionTemplate] is not eligible for getting processed by all BeanPostProcessors (for example: not eligible for auto-proxying)
2022-01-23 21:18:19.551 [restartedMain] INFO  o.s.c.s.PostProcessorRegistrationDelegate$BeanPostProcessorChecker - Bean 'studentMapper' of type [org.mybatis.spring.mapper.MapperFactoryBean] is not eligible for getting processed by all BeanPostProcessors (for example: not eligible for auto-proxying)
2022-01-23 21:18:19.552 [restartedMain] INFO  o.s.c.s.PostProcessorRegistrationDelegate$BeanPostProcessorChecker - Bean 'studentMapper' of type [com.sun.proxy.$Proxy63] is not eligible for getting processed by all BeanPostProcessors (for example: not eligible for auto-proxying)
2022-01-23 21:18:19.556 [restartedMain] INFO  o.s.c.s.PostProcessorRegistrationDelegate$BeanPostProcessorChecker - Bean 'teacherMapper' of type [org.mybatis.spring.mapper.MapperFactoryBean] is not eligible for getting processed by all BeanPostProcessors (for example: not eligible for auto-proxying)
2022-01-23 21:18:19.556 [restartedMain] INFO  o.s.c.s.PostProcessorRegistrationDelegate$BeanPostProcessorChecker - Bean 'teacherMapper' of type [com.sun.proxy.$Proxy65] is not eligible for getting processed by all BeanPostProcessors (for example: not eligible for auto-proxying)
2022-01-23 21:18:19.557 [restartedMain] INFO  o.s.c.s.PostProcessorRegistrationDelegate$BeanPostProcessorChecker - Bean 'userRealm' of type [com.submit.config.UserRealm] is not eligible for getting processed by all BeanPostProcessors (for example: not eligible for auto-proxying)
2022-01-23 21:18:20.688 [restartedMain] INFO  o.s.c.s.PostProcessorRegistrationDelegate$BeanPostProcessorChecker - Bean 'securityManager' of type [org.apache.shiro.web.mgt.DefaultWebSecurityManager] is not eligible for getting processed by all BeanPostProcessors (for example: not eligible for auto-proxying)
2022-01-23 21:18:20.950 [restartedMain] INFO  o.s.boot.web.embedded.tomcat.TomcatWebServer - Tomcat initialized with port(s): 8080 (http)
2022-01-23 21:18:20.960 [restartedMain] INFO  org.apache.coyote.http11.Http11NioProtocol - Initializing ProtocolHandler ["http-nio-8080"]
2022-01-23 21:18:20.966 [restartedMain] INFO  org.apache.catalina.core.StandardService - Starting service [Tomcat]
2022-01-23 21:18:20.966 [restartedMain] INFO  org.apache.catalina.core.StandardEngine - Starting Servlet engine: [Apache Tomcat/9.0.17]
2022-01-23 21:18:21.074 [restartedMain] INFO  o.a.c.core.ContainerBase.[Tomcat].[localhost].[/] - Initializing Spring embedded WebApplicationContext
2022-01-23 21:18:21.074 [restartedMain] INFO  org.springframework.web.context.ContextLoader - Root WebApplicationContext: initialization completed in 2379 ms
2022-01-23 21:18:21.246 [restartedMain] INFO  o.s.scheduling.concurrent.ThreadPoolTaskExecutor - Initializing ExecutorService 'applicationTaskExecutor'
2022-01-23 21:18:21.336 [restartedMain] INFO  o.s.b.a.web.servlet.WelcomePageHandlerMapping - Adding welcome page: class path resource [static/index.html]
2022-01-23 21:18:21.455 [restartedMain] INFO  o.s.b.d.autoconfigure.OptionalLiveReloadServer - LiveReload server is running on port 35729
2022-01-23 21:18:21.478 [restartedMain] INFO  org.apache.coyote.http11.Http11NioProtocol - Starting ProtocolHandler ["http-nio-8080"]
2022-01-23 21:18:21.499 [restartedMain] INFO  o.s.boot.web.embedded.tomcat.TomcatWebServer - Tomcat started on port(s): 8080 (http) with context path ''
2022-01-23 21:18:21.501 [restartedMain] INFO  com.submit.WorkuploadApplication - Started WorkuploadApplication in 3.187 seconds (JVM running for 4.692)
2022-01-23 21:18:31.646 [http-nio-8080-exec-1] INFO  o.a.c.core.ContainerBase.[Tomcat].[localhost].[/] - Initializing Spring DispatcherServlet 'dispatcherServlet'
2022-01-23 21:18:31.647 [http-nio-8080-exec-1] INFO  org.springframework.web.servlet.DispatcherServlet - Initializing Servlet 'dispatcherServlet'
2022-01-23 21:18:31.652 [http-nio-8080-exec-1] INFO  org.springframework.web.servlet.DispatcherServlet - Completed initialization in 5 ms
2022-01-23 21:22:36.656 [http-nio-8080-exec-7] INFO  com.alibaba.druid.pool.DruidDataSource - {dataSource-1} inited
2022-01-23 21:22:36.781 [http-nio-8080-exec-9] INFO  com.submit.config.UserRealm - 执行逻辑授权
2022-01-23 21:22:41.385 [http-nio-8080-exec-7] INFO  com.submit.config.UserRealm - 执行逻辑授权
2022-01-23 21:22:43.549 [http-nio-8080-exec-4] INFO  com.submit.config.UserRealm - 执行逻辑授权
2022-01-23 21:22:43.601 [http-nio-8080-exec-3] INFO  com.submit.config.UserRealm - 执行逻辑授权
2022-01-23 21:22:43.657 [http-nio-8080-exec-10] INFO  com.submit.config.UserRealm - 执行逻辑授权
2022-01-23 21:22:45.785 [http-nio-8080-exec-4] INFO  com.submit.config.UserRealm - 执行逻辑授权
2022-01-23 21:22:45.838 [http-nio-8080-exec-7] INFO  com.submit.config.UserRealm - 执行逻辑授权
2022-01-23 21:22:45.881 [http-nio-8080-exec-7] INFO  com.submit.config.UserRealm - 执行逻辑授权
2022-01-23 21:22:46.489 [http-nio-8080-exec-8] INFO  com.submit.config.UserRealm - 执行逻辑授权
2022-01-23 21:22:46.539 [http-nio-8080-exec-1] INFO  com.submit.config.UserRealm - 执行逻辑授权
2022-01-23 21:22:47.598 [http-nio-8080-exec-1] INFO  com.submit.config.UserRealm - 执行逻辑授权
2022-01-23 21:22:47.657 [http-nio-8080-exec-4] INFO  com.submit.config.UserRealm - 执行逻辑授权
2022-01-23 21:22:47.666 [http-nio-8080-exec-2] INFO  com.submit.config.UserRealm - 执行逻辑授权
2022-01-23 21:22:47.706 [http-nio-8080-exec-2] INFO  com.submit.config.UserRealm - 执行逻辑授权
2022-01-23 21:22:49.317 [http-nio-8080-exec-6] INFO  com.submit.config.UserRealm - 执行逻辑授权
2022-01-23 21:22:54.567 [http-nio-8080-exec-6] INFO  com.submit.config.UserRealm - 执行逻辑授权
2022-01-23 21:22:54.664 [http-nio-8080-exec-1] INFO  com.submit.config.UserRealm - 执行逻辑授权
2022-01-23 21:23:51.461 [http-nio-8080-exec-10] INFO  com.submit.config.UserRealm - 执行逻辑授权
2022-01-23 21:23:51.514 [http-nio-8080-exec-6] INFO  com.submit.config.UserRealm - 执行逻辑授权
2022-01-23 21:23:51.556 [http-nio-8080-exec-6] INFO  com.submit.config.UserRealm - 执行逻辑授权
2022-01-23 21:23:53.092 [http-nio-8080-exec-3] INFO  com.submit.config.UserRealm - 执行逻辑授权
2022-01-23 21:23:53.136 [http-nio-8080-exec-5] INFO  com.submit.config.UserRealm - 执行逻辑授权
2022-01-23 21:23:53.177 [http-nio-8080-exec-7] INFO  com.submit.config.UserRealm - 执行逻辑授权
2022-01-23 21:23:54.922 [http-nio-8080-exec-2] INFO  com.submit.config.UserRealm - 执行逻辑授权
2022-01-23 21:23:54.967 [http-nio-8080-exec-7] INFO  com.submit.config.UserRealm - 执行逻辑授权
2022-01-23 21:23:55.534 [http-nio-8080-exec-7] INFO  com.submit.config.UserRealm - 执行逻辑授权
2022-01-23 21:23:55.576 [http-nio-8080-exec-4] INFO  com.submit.config.UserRealm - 执行逻辑授权
2022-01-23 21:23:55.623 [http-nio-8080-exec-4] INFO  com.submit.config.UserRealm - 执行逻辑授权
2022-01-23 21:23:58.631 [http-nio-8080-exec-10] INFO  com.submit.config.UserRealm - 执行逻辑授权
2022-01-23 21:23:58.676 [http-nio-8080-exec-9] INFO  com.submit.config.UserRealm - 执行逻辑授权
2022-01-23 21:24:15.637 [http-nio-8080-exec-8] INFO  com.submit.config.UserRealm - 执行逻辑授权
2022-01-23 21:26:37.141 [http-nio-8080-exec-9] INFO  com.submit.config.UserRealm - 执行逻辑授权
2022-01-23 21:26:42.416 [http-nio-8080-exec-8] INFO  com.submit.config.UserRealm - 执行逻辑授权
2022-01-23 21:26:42.465 [http-nio-8080-exec-7] INFO  com.submit.config.UserRealm - 执行逻辑授权
2022-01-23 21:26:42.469 [http-nio-8080-exec-7] INFO  com.submit.service.teacherService - 2022-2022-9 2022-2022-9 2022 1 9 2022
2022-01-23 21:26:42.505 [http-nio-8080-exec-7] INFO  com.submit.config.UserRealm - 执行逻辑授权
2022-01-23 21:26:46.374 [http-nio-8080-exec-9] INFO  com.submit.config.UserRealm - 执行逻辑授权
2022-01-23 21:26:46.421 [http-nio-8080-exec-4] INFO  com.submit.config.UserRealm - 执行逻辑授权
2022-01-23 21:26:46.424 [http-nio-8080-exec-4] INFO  com.submit.service.teacherService - 2022-2022-9 2022-2022-9 2022 1 9 2022
2022-01-23 21:26:46.465 [http-nio-8080-exec-4] INFO  com.submit.config.UserRealm - 执行逻辑授权
2022-01-23 21:26:49.574 [http-nio-8080-exec-7] INFO  com.submit.config.UserRealm - 执行逻辑授权
2022-01-23 21:26:49.617 [http-nio-8080-exec-8] INFO  com.submit.config.UserRealm - 执行逻辑授权
2022-01-23 21:26:49.620 [http-nio-8080-exec-8] INFO  com.submit.service.teacherService - 2022-2022-9 2022-2022-9 2022 1 9 2022
2022-01-23 21:26:49.655 [http-nio-8080-exec-8] INFO  com.submit.config.UserRealm - 执行逻辑授权
2022-01-23 21:26:52.429 [http-nio-8080-exec-5] INFO  com.submit.config.UserRealm - 执行逻辑授权
2022-01-23 21:26:52.475 [http-nio-8080-exec-3] INFO  com.submit.config.UserRealm - 执行逻辑授权
2022-01-23 21:26:52.478 [http-nio-8080-exec-3] INFO  com.submit.service.teacherService - 2022-2022-9 2022-2022-9 2022 1 9 2022
2022-01-23 21:26:52.860 [http-nio-8080-exec-3] INFO  com.submit.config.UserRealm - 执行逻辑授权
2022-01-23 21:26:52.905 [http-nio-8080-exec-6] INFO  com.submit.config.UserRealm - 执行逻辑授权
2022-01-23 21:26:52.909 [http-nio-8080-exec-6] INFO  com.submit.service.teacherService - 2022-2022-9 2022-2022-9 2022 1 9 2022
2022-01-23 21:26:52.912 [http-nio-8080-exec-3] INFO  com.submit.config.UserRealm - 执行逻辑授权
2022-01-23 21:26:52.945 [http-nio-8080-exec-4] INFO  com.submit.config.UserRealm - 执行逻辑授权
2022-01-23 21:26:53.372 [http-nio-8080-exec-3] INFO  com.submit.config.UserRealm - 执行逻辑授权
2022-01-23 21:26:53.415 [http-nio-8080-exec-10] INFO  com.submit.config.UserRealm - 执行逻辑授权
2022-01-23 21:26:53.417 [http-nio-8080-exec-10] INFO  com.submit.service.teacherService - 2022-2022-9 2022-2022-9 2022 1 9 2022
2022-01-23 21:26:53.448 [http-nio-8080-exec-1] INFO  com.submit.config.UserRealm - 执行逻辑授权
2022-01-23 21:26:54.059 [http-nio-8080-exec-6] INFO  com.submit.config.UserRealm - 执行逻辑授权
2022-01-23 21:26:54.101 [http-nio-8080-exec-8] INFO  com.submit.config.UserRealm - 执行逻辑授权
2022-01-23 21:26:54.104 [http-nio-8080-exec-8] INFO  com.submit.service.teacherService - 2022-2022-9 2022-2022-9 2022 1 9 2022
2022-01-23 21:26:54.139 [http-nio-8080-exec-8] INFO  com.submit.config.UserRealm - 执行逻辑授权
2022-01-23 21:26:54.646 [http-nio-8080-exec-1] INFO  com.submit.config.UserRealm - 执行逻辑授权
2022-01-23 21:28:33.518 [http-nio-8080-exec-4] INFO  com.submit.config.UserRealm - 执行逻辑授权
2022-01-23 21:28:33.560 [http-nio-8080-exec-5] INFO  com.submit.config.UserRealm - 执行逻辑授权
2022-01-23 21:28:33.566 [http-nio-8080-exec-5] INFO  com.submit.service.teacherService - 2022-2022-9 2022-2022-9 2022 1 9 2022
2022-01-23 21:28:33.594 [http-nio-8080-exec-7] INFO  com.submit.config.UserRealm - 执行逻辑授权
2022-01-23 21:41:07.884 [http-nio-8080-exec-10] INFO  com.submit.config.UserRealm - 执行逻辑授权
2022-01-23 21:41:07.937 [http-nio-8080-exec-1] INFO  com.submit.config.UserRealm - 执行逻辑授权
2022-01-23 21:41:07.945 [http-nio-8080-exec-1] INFO  com.submit.service.teacherService - 2022-2022-9 2022-2022-9 2022 1 9 2022
2022-01-23 21:41:14.691 [http-nio-8080-exec-2] INFO  com.submit.config.UserRealm - 执行逻辑授权
2022-01-23 21:41:14.738 [http-nio-8080-exec-6] INFO  com.submit.config.UserRealm - 执行逻辑授权
2022-01-23 21:41:14.741 [http-nio-8080-exec-6] INFO  com.submit.service.teacherService - 2022-2022-9 2022-2022-9 2022 1 9 2022
2022-01-23 21:41:14.744 [http-nio-8080-exec-2] INFO  com.submit.config.UserRealm - 执行逻辑授权
2022-01-23 21:41:14.782 [http-nio-8080-exec-1] INFO  com.submit.config.UserRealm - 执行逻辑授权
2022-01-23 21:41:15.492 [http-nio-8080-exec-2] INFO  com.submit.config.UserRealm - 执行逻辑授权
2022-01-23 21:41:35.709 [http-nio-8080-exec-7] INFO  com.submit.config.UserRealm - 执行逻辑授权
2022-01-23 21:41:37.427 [http-nio-8080-exec-4] INFO  com.submit.config.UserRealm - 执行逻辑授权
2022-01-23 21:41:41.699 [http-nio-8080-exec-2] INFO  com.submit.config.UserRealm - 执行逻辑授权
2022-01-23 21:41:41.747 [http-nio-8080-exec-6] INFO  com.submit.config.UserRealm - 执行逻辑授权
2022-01-23 21:41:41.750 [http-nio-8080-exec-6] INFO  com.submit.service.teacherService - 2022-2022-9 2022-2022-9 2022 1 9 2022
2022-01-23 21:41:41.787 [http-nio-8080-exec-6] INFO  com.submit.config.UserRealm - 执行逻辑授权
2022-01-23 21:41:54.811 [http-nio-8080-exec-10] INFO  com.submit.config.UserRealm - 执行逻辑授权
2022-01-23 21:41:54.858 [http-nio-8080-exec-3] INFO  com.submit.config.UserRealm - 执行逻辑授权
2022-01-23 21:41:54.860 [http-nio-8080-exec-3] INFO  com.submit.service.teacherService - 2022-2022-9 2022-2022-9 2022 1 9 2022
2022-01-23 21:41:54.896 [http-nio-8080-exec-3] INFO  com.submit.config.UserRealm - 执行逻辑授权
2022-01-23 21:41:58.683 [http-nio-8080-exec-8] INFO  com.submit.config.UserRealm - 执行逻辑授权
2022-01-23 21:41:58.731 [http-nio-8080-exec-2] INFO  com.submit.config.UserRealm - 执行逻辑授权
2022-01-23 21:41:58.734 [http-nio-8080-exec-2] INFO  com.submit.service.teacherService - 2022-2022-9 2022-2022-9 2022 1 9 2022
2022-01-23 21:42:01.356 [http-nio-8080-exec-7] INFO  com.submit.config.UserRealm - 执行逻辑授权
2022-01-23 21:42:01.404 [http-nio-8080-exec-2] INFO  com.submit.config.UserRealm - 执行逻辑授权
2022-01-23 21:42:01.406 [http-nio-8080-exec-2] INFO  com.submit.service.teacherService - 2022-2022-9 2022-2022-9 2022 1 9 2022
2022-01-23 21:42:01.410 [http-nio-8080-exec-10] INFO  com.submit.config.UserRealm - 执行逻辑授权
2022-01-23 21:42:01.448 [http-nio-8080-exec-10] INFO  com.submit.config.UserRealm - 执行逻辑授权
2022-01-23 21:42:01.862 [http-nio-8080-exec-7] INFO  com.submit.config.UserRealm - 执行逻辑授权
2022-01-23 21:42:08.075 [http-nio-8080-exec-6] INFO  com.submit.config.UserRealm - 执行逻辑授权
2022-01-23 21:42:08.924 [http-nio-8080-exec-1] INFO  com.submit.config.UserRealm - 执行逻辑授权
2022-01-23 21:42:08.970 [http-nio-8080-exec-7] INFO  com.submit.config.UserRealm - 执行逻辑授权
2022-01-23 21:42:08.973 [http-nio-8080-exec-7] INFO  com.submit.service.teacherService - 2022-2022-9 2022-2022-9 2022 1 9 2022
2022-01-23 21:42:09.012 [http-nio-8080-exec-7] INFO  com.submit.config.UserRealm - 执行逻辑授权
2022-01-23 21:42:22.411 [http-nio-8080-exec-6] INFO  com.submit.config.UserRealm - 执行逻辑授权
2022-01-23 21:42:22.496 [http-nio-8080-exec-7] INFO  com.submit.config.UserRealm - 执行逻辑授权
2022-01-23 21:42:39.954 [http-nio-8080-exec-8] INFO  com.submit.config.UserRealm - 执行逻辑授权
2022-01-23 21:42:46.276 [http-nio-8080-exec-5] INFO  com.submit.config.UserRealm - 执行逻辑授权
2022-01-23 21:42:48.141 [http-nio-8080-exec-7] INFO  com.submit.config.UserRealm - 执行逻辑授权
2022-01-23 21:42:49.406 [http-nio-8080-exec-6] INFO  com.submit.config.UserRealm - 执行逻辑授权
2022-01-23 21:42:56.745 [http-nio-8080-exec-10] INFO  com.submit.config.UserRealm - 执行逻辑授权
2022-01-23 21:43:04.059 [http-nio-8080-exec-10] INFO  com.submit.config.UserRealm - 执行逻辑授权
2022-01-23 21:43:09.271 [http-nio-8080-exec-9] INFO  com.submit.config.UserRealm - 执行逻辑授权
2022-01-23 21:43:13.068 [http-nio-8080-exec-7] INFO  com.submit.config.UserRealm - 执行逻辑授权
2022-01-23 21:43:14.122 [http-nio-8080-exec-4] INFO  com.submit.config.UserRealm - 执行逻辑授权
2022-01-23 21:43:14.734 [http-nio-8080-exec-6] INFO  com.submit.config.UserRealm - 执行逻辑授权
2022-01-23 21:43:22.291 [http-nio-8080-exec-3] INFO  com.submit.config.UserRealm - 执行逻辑授权
2022-01-23 21:43:25.490 [http-nio-8080-exec-1] INFO  com.submit.config.UserRealm - 执行逻辑授权
2022-01-23 21:43:25.993 [http-nio-8080-exec-10] INFO  com.submit.config.UserRealm - 执行逻辑授权
2022-01-23 21:43:28.459 [http-nio-8080-exec-5] INFO  com.submit.config.UserRealm - 执行逻辑授权
2022-01-23 21:43:53.271 [http-nio-8080-exec-2] INFO  com.submit.config.UserRealm - 执行逻辑授权
2022-01-23 21:43:55.692 [http-nio-8080-exec-6] INFO  com.submit.config.UserRealm - 执行逻辑授权
2022-01-23 21:43:55.760 [http-nio-8080-exec-1] INFO  com.submit.config.UserRealm - 执行逻辑授权
2022-01-23 21:43:55.762 [http-nio-8080-exec-1] INFO  com.submit.service.teacherService - 2022-2022-9 2022-2022-9 2022 1 9 2022
2022-01-23 21:43:55.814 [http-nio-8080-exec-10] INFO  com.submit.config.UserRealm - 执行逻辑授权
2022-01-23 21:43:56.650 [http-nio-8080-exec-4] INFO  com.submit.config.UserRealm - 执行逻辑授权
2022-01-23 21:43:56.704 [http-nio-8080-exec-2] INFO  com.submit.config.UserRealm - 执行逻辑授权
2022-01-23 21:43:56.707 [http-nio-8080-exec-2] INFO  com.submit.service.teacherService - 2022-2022-9 2022-2022-9 2022 1 9 2022
2022-01-23 21:43:56.740 [http-nio-8080-exec-2] INFO  com.submit.config.UserRealm - 执行逻辑授权
2022-01-23 21:43:58.179 [http-nio-8080-exec-1] INFO  com.submit.config.UserRealm - 执行逻辑授权
2022-01-23 21:43:58.229 [http-nio-8080-exec-7] INFO  com.submit.config.UserRealm - 执行逻辑授权
2022-01-23 21:43:58.231 [http-nio-8080-exec-7] INFO  com.submit.service.teacherService - 2022-2022-9 2022-2022-9 2022 1 9 2022
2022-01-23 21:43:59.205 [http-nio-8080-exec-8] INFO  com.submit.config.UserRealm - 执行逻辑授权
2022-01-23 21:43:59.256 [http-nio-8080-exec-9] INFO  com.submit.config.UserRealm - 执行逻辑授权
2022-01-23 21:43:59.259 [http-nio-8080-exec-9] INFO  com.submit.service.teacherService - 2022-2022-9 2022-2022-9 2022 1 9 2022
2022-01-23 21:43:59.266 [http-nio-8080-exec-8] INFO  com.submit.config.UserRealm - 执行逻辑授权
2022-01-23 21:43:59.298 [http-nio-8080-exec-7] INFO  com.submit.config.UserRealm - 执行逻辑授权
2022-01-23 21:44:00.035 [http-nio-8080-exec-8] INFO  com.submit.config.UserRealm - 执行逻辑授权
2022-01-23 21:44:00.078 [http-nio-8080-exec-10] INFO  com.submit.config.UserRealm - 执行逻辑授权
2022-01-23 21:44:00.081 [http-nio-8080-exec-10] INFO  com.submit.service.teacherService - 2022-2022-9 2022-2022-9 2022 1 9 2022
2022-01-23 21:44:00.128 [http-nio-8080-exec-10] INFO  com.submit.config.UserRealm - 执行逻辑授权
2022-01-23 21:44:06.052 [http-nio-8080-exec-9] INFO  com.submit.config.UserRealm - 执行逻辑授权
2022-01-23 21:44:10.558 [http-nio-8080-exec-1] INFO  com.submit.config.UserRealm - 执行逻辑授权
2022-01-23 21:44:15.993 [http-nio-8080-exec-6] INFO  com.submit.config.UserRealm - 执行逻辑授权
2022-01-23 21:44:20.287 [http-nio-8080-exec-5] INFO  com.submit.config.UserRealm - 执行逻辑授权
2022-01-23 21:44:24.163 [http-nio-8080-exec-1] INFO  com.submit.config.UserRealm - 执行逻辑授权
2022-01-23 21:44:26.570 [http-nio-8080-exec-10] INFO  com.submit.config.UserRealm - 执行逻辑授权
2022-01-23 21:44:27.837 [http-nio-8080-exec-7] INFO  com.submit.config.UserRealm - 执行逻辑授权
2022-01-23 21:44:29.052 [http-nio-8080-exec-8] INFO  com.submit.config.UserRealm - 执行逻辑授权
2022-01-23 21:44:30.083 [http-nio-8080-exec-1] INFO  com.submit.config.UserRealm - 执行逻辑授权
2022-01-23 21:44:51.197 [http-nio-8080-exec-9] INFO  com.submit.config.UserRealm - 执行逻辑授权
2022-01-23 21:44:57.660 [http-nio-8080-exec-6] INFO  com.submit.config.UserRealm - 执行逻辑授权
2022-01-23 21:44:57.759 [http-nio-8080-exec-2] INFO  com.submit.config.UserRealm - 执行逻辑授权
2022-01-23 21:44:59.685 [http-nio-8080-exec-5] INFO  com.submit.config.UserRealm - 执行逻辑授权
2022-01-23 21:45:04.963 [http-nio-8080-exec-5] INFO  com.submit.config.UserRealm - 执行逻辑授权
2022-01-23 21:45:05.684 [http-nio-8080-exec-5] INFO  com.submit.config.UserRealm - 执行逻辑授权
2022-01-23 21:45:05.764 [http-nio-8080-exec-2] INFO  com.submit.config.UserRealm - 执行逻辑授权
2022-01-23 21:45:06.292 [http-nio-8080-exec-6] INFO  com.submit.config.UserRealm - 执行逻辑授权
2022-01-23 21:45:06.365 [http-nio-8080-exec-10] INFO  com.submit.config.UserRealm - 执行逻辑授权
2022-01-23 21:45:06.368 [http-nio-8080-exec-10] INFO  com.submit.controller.teacherUserController - 123456
2022-01-23 21:45:14.650 [http-nio-8080-exec-9] INFO  com.submit.config.UserRealm - 执行逻辑授权
2022-01-23 21:45:16.035 [http-nio-8080-exec-10] INFO  com.submit.config.UserRealm - 执行逻辑授权
2022-01-23 21:45:16.083 [http-nio-8080-exec-6] INFO  com.submit.config.UserRealm - 执行逻辑授权
2022-01-23 21:45:16.086 [http-nio-8080-exec-6] INFO  com.submit.service.teacherService - 2018-2019-2 2018-2019-2 2018 1 2 2022
2022-01-23 21:45:16.086 [http-nio-8080-exec-6] INFO  com.submit.service.teacherService - 2018-2019-2 2018-2019-2 2018 1 2 2022
2022-01-23 21:45:16.086 [http-nio-8080-exec-6] INFO  com.submit.service.teacherService - 2018-2019-2 2018-2019-2 2018 1 2 2022
2022-01-23 21:45:16.086 [http-nio-8080-exec-6] INFO  com.submit.service.teacherService - 2018-2019-1 2018-2019-1 2018 1 1 2022
2022-01-23 21:45:16.118 [http-nio-8080-exec-6] INFO  com.submit.config.UserRealm - 执行逻辑授权
2022-01-23 21:45:16.611 [http-nio-8080-exec-1] INFO  com.submit.config.UserRealm - 执行逻辑授权
2022-01-23 21:45:16.649 [http-nio-8080-exec-9] INFO  com.submit.config.UserRealm - 执行逻辑授权
2022-01-23 21:45:16.652 [http-nio-8080-exec-9] INFO  com.submit.service.teacherService - 2018-2019-2 2018-2019-2 2018 1 2 2022
2022-01-23 21:45:16.652 [http-nio-8080-exec-9] INFO  com.submit.service.teacherService - 2018-2019-2 2018-2019-2 2018 1 2 2022
2022-01-23 21:45:16.652 [http-nio-8080-exec-9] INFO  com.submit.service.teacherService - 2018-2019-2 2018-2019-2 2018 1 2 2022
2022-01-23 21:45:16.652 [http-nio-8080-exec-9] INFO  com.submit.service.teacherService - 2018-2019-1 2018-2019-1 2018 1 1 2022
2022-01-23 21:45:16.680 [http-nio-8080-exec-9] INFO  com.submit.config.UserRealm - 执行逻辑授权
2022-01-23 21:45:19.605 [http-nio-8080-exec-8] INFO  com.submit.config.UserRealm - 执行逻辑授权
2022-01-23 21:45:19.649 [http-nio-8080-exec-3] INFO  com.submit.config.UserRealm - 执行逻辑授权
2022-01-23 21:45:19.652 [http-nio-8080-exec-3] INFO  com.submit.service.teacherService - 2018-2019-2 2018-2019-2 2018 1 2 2022
2022-01-23 21:45:19.652 [http-nio-8080-exec-3] INFO  com.submit.service.teacherService - 2018-2019-2 2018-2019-2 2018 1 2 2022
2022-01-23 21:45:19.652 [http-nio-8080-exec-3] INFO  com.submit.service.teacherService - 2018-2019-2 2018-2019-2 2018 1 2 2022
2022-01-23 21:45:19.652 [http-nio-8080-exec-3] INFO  com.submit.service.teacherService - 2018-2019-1 2018-2019-1 2018 1 1 2022
2022-01-23 21:45:20.620 [http-nio-8080-exec-3] INFO  com.submit.config.UserRealm - 执行逻辑授权
2022-01-23 21:45:20.662 [http-nio-8080-exec-6] INFO  com.submit.config.UserRealm - 执行逻辑授权
2022-01-23 21:45:20.665 [http-nio-8080-exec-6] INFO  com.submit.service.teacherService - 2018-2019-2 2018-2019-2 2018 1 2 2022
2022-01-23 21:45:20.665 [http-nio-8080-exec-6] INFO  com.submit.service.teacherService - 2018-2019-2 2018-2019-2 2018 1 2 2022
2022-01-23 21:45:20.665 [http-nio-8080-exec-6] INFO  com.submit.service.teacherService - 2018-2019-2 2018-2019-2 2018 1 2 2022
2022-01-23 21:45:20.665 [http-nio-8080-exec-6] INFO  com.submit.service.teacherService - 2018-2019-1 2018-2019-1 2018 1 1 2022
2022-01-23 21:45:20.669 [http-nio-8080-exec-3] INFO  com.submit.config.UserRealm - 执行逻辑授权
2022-01-23 21:45:20.705 [http-nio-8080-exec-1] INFO  com.submit.config.UserRealm - 执行逻辑授权
2022-01-23 21:45:38.094 [http-nio-8080-exec-9] INFO  com.submit.config.UserRealm - 执行逻辑授权
2022-01-23 21:45:38.139 [http-nio-8080-exec-2] INFO  com.submit.config.UserRealm - 执行逻辑授权
2022-01-23 21:45:38.141 [http-nio-8080-exec-2] INFO  com.submit.service.teacherService - 2018-2019-2 2018-2019-2 2018 1 2 2022
2022-01-23 21:45:38.141 [http-nio-8080-exec-2] INFO  com.submit.service.teacherService - 2018-2019-2 2018-2019-2 2018 1 2 2022
2022-01-23 21:45:38.141 [http-nio-8080-exec-2] INFO  com.submit.service.teacherService - 2018-2019-2 2018-2019-2 2018 1 2 2022
2022-01-23 21:45:38.142 [http-nio-8080-exec-2] INFO  com.submit.service.teacherService - 2018-2019-1 2018-2019-1 2018 1 1 2022
2022-01-23 21:45:38.173 [http-nio-8080-exec-2] INFO  com.submit.config.UserRealm - 执行逻辑授权
2022-01-23 21:45:55.447 [http-nio-8080-exec-2] INFO  com.submit.config.UserRealm - 执行逻辑授权
2022-01-23 21:46:02.596 [http-nio-8080-exec-6] INFO  com.submit.config.UserRealm - 执行逻辑授权
2022-01-23 21:46:05.993 [http-nio-8080-exec-1] INFO  com.submit.config.UserRealm - 执行逻辑授权
2022-01-23 21:46:09.397 [http-nio-8080-exec-7] INFO  com.submit.config.UserRealm - 执行逻辑授权
2022-01-23 21:46:10.138 [http-nio-8080-exec-9] INFO  com.submit.config.UserRealm - 执行逻辑授权
2022-01-23 21:46:11.629 [http-nio-8080-exec-3] INFO  com.submit.config.UserRealm - 执行逻辑授权
2022-01-23 21:46:13.026 [http-nio-8080-exec-8] INFO  com.submit.config.UserRealm - 执行逻辑授权
2022-01-23 21:46:13.714 [http-nio-8080-exec-5] INFO  com.submit.config.UserRealm - 执行逻辑授权
2022-01-23 21:46:20.814 [http-nio-8080-exec-8] INFO  com.submit.config.UserRealm - 执行逻辑授权
2022-01-23 21:47:00.361 [http-nio-8080-exec-5] INFO  com.submit.config.UserRealm - 执行逻辑授权
2022-01-23 21:47:08.516 [http-nio-8080-exec-10] INFO  com.submit.config.UserRealm - 执行逻辑授权
2022-01-23 21:47:12.226 [http-nio-8080-exec-5] INFO  com.submit.config.UserRealm - 执行逻辑授权
2022-01-23 21:47:16.332 [http-nio-8080-exec-1] INFO  com.submit.config.UserRealm - 执行逻辑授权
2022-01-23 21:47:22.404 [http-nio-8080-exec-3] INFO  com.submit.config.UserRealm - 执行逻辑授权
2022-01-23 21:47:26.706 [http-nio-8080-exec-6] INFO  com.submit.config.UserRealm - 执行逻辑授权
2022-01-23 21:47:27.185 [http-nio-8080-exec-10] INFO  com.submit.config.UserRealm - 执行逻辑授权
2022-01-23 21:47:28.386 [http-nio-8080-exec-9] INFO  com.submit.config.UserRealm - 执行逻辑授权
2022-01-23 21:47:28.777 [http-nio-8080-exec-1] INFO  com.submit.config.UserRealm - 执行逻辑授权
2022-01-23 21:47:29.586 [http-nio-8080-exec-4] INFO  com.submit.config.UserRealm - 执行逻辑授权
2022-01-23 21:48:02.384 [http-nio-8080-exec-7] INFO  com.submit.config.UserRealm - 执行逻辑授权
2022-01-23 21:48:05.897 [http-nio-8080-exec-10] INFO  com.submit.config.UserRealm - 执行逻辑授权
2022-01-23 21:48:11.636 [http-nio-8080-exec-6] INFO  com.submit.config.UserRealm - 执行逻辑授权
2022-01-23 21:48:16.119 [http-nio-8080-exec-8] INFO  com.submit.config.UserRealm - 执行逻辑授权
2022-01-23 21:48:33.699 [http-nio-8080-exec-1] INFO  com.submit.config.UserRealm - 执行逻辑授权
2022-01-23 21:48:46.695 [http-nio-8080-exec-6] INFO  com.submit.controller.fileController - 登陆 1 2019-2-20
2022-01-23 21:48:46.695 [http-nio-8080-exec-6] INFO  com.submit.controller.fileController - Web applications development using JSP & Servlet 19090177a-1
2022-01-23 21:48:46.698 [http-nio-8080-exec-6] INFO  com.submit.controller.fileController - C:\Users\xinxin\AppData\Local\Temp\tomcat-docbase.2752662011872528611.8080\fileget\2\5\
2022-01-23 21:48:50.585 [http-nio-8080-exec-7] INFO  com.submit.controller.fileController - 登陆 1 2019-2-20
2022-01-23 21:48:50.585 [http-nio-8080-exec-7] INFO  com.submit.controller.fileController - Web applications development using JSP & Servlet 19090177a-1
2022-01-23 21:48:50.586 [http-nio-8080-exec-7] INFO  com.submit.controller.fileController - C:\Users\xinxin\AppData\Local\Temp\tomcat-docbase.2752662011872528611.8080\fileget\2\5\
2022-01-23 21:48:52.260 [http-nio-8080-exec-4] INFO  com.submit.config.UserRealm - 执行逻辑授权
2022-01-23 21:48:58.365 [http-nio-8080-exec-10] INFO  com.submit.config.UserRealm - 执行逻辑授权
2022-01-23 21:49:24.014 [http-nio-8080-exec-9] INFO  com.submit.config.UserRealm - 执行逻辑授权
2022-01-23 21:49:31.655 [http-nio-8080-exec-2] INFO  com.submit.config.UserRealm - 执行逻辑授权
2022-01-23 21:49:31.744 [http-nio-8080-exec-8] INFO  com.submit.config.UserRealm - 执行逻辑授权
2022-01-23 21:49:33.038 [http-nio-8080-exec-5] INFO  com.submit.config.UserRealm - 执行逻辑授权
2022-01-23 21:49:36.036 [http-nio-8080-exec-7] INFO  com.submit.config.UserRealm - 执行逻辑授权
2022-01-23 21:49:36.125 [http-nio-8080-exec-5] INFO  com.submit.config.UserRealm - 执行逻辑授权
2022-01-23 21:49:42.100 [http-nio-8080-exec-8] INFO  com.submit.config.UserRealm - 执行逻辑授权
2022-01-23 21:49:49.588 [http-nio-8080-exec-1] INFO  com.submit.config.UserRealm - 执行逻辑授权
2022-01-23 21:49:49.662 [http-nio-8080-exec-4] INFO  com.submit.config.UserRealm - 执行逻辑授权
2022-01-23 21:49:52.330 [http-nio-8080-exec-2] INFO  com.submit.config.UserRealm - 执行逻辑授权
2022-01-23 21:49:58.196 [http-nio-8080-exec-2] INFO  com.submit.config.UserRealm - 执行逻辑授权
2022-01-23 21:49:58.282 [http-nio-8080-exec-6] INFO  com.submit.config.UserRealm - 执行逻辑授权
2022-01-23 21:50:21.107 [http-nio-8080-exec-9] INFO  com.submit.config.UserRealm - 执行逻辑授权
2022-01-23 21:50:22.156 [http-nio-8080-exec-3] INFO  com.submit.config.UserRealm - 执行逻辑授权
2022-01-23 21:50:22.201 [http-nio-8080-exec-2] INFO  com.submit.config.UserRealm - 执行逻辑授权
2022-01-23 21:50:22.204 [http-nio-8080-exec-2] INFO  com.submit.service.teacherService - 2018-2019-2 2018-2019-2 2018 1 2 2022
2022-01-23 21:50:22.204 [http-nio-8080-exec-2] INFO  com.submit.service.teacherService - 2018-2019-2 2018-2019-2 2018 1 2 2022
2022-01-23 21:50:22.204 [http-nio-8080-exec-2] INFO  com.submit.service.teacherService - 2018-2019-2 2018-2019-2 2018 1 2 2022
2022-01-23 21:50:22.204 [http-nio-8080-exec-2] INFO  com.submit.service.teacherService - 2018-2019-1 2018-2019-1 2018 1 1 2022
2022-01-23 21:50:22.825 [http-nio-8080-exec-2] INFO  com.submit.config.UserRealm - 执行逻辑授权
2022-01-23 21:50:22.874 [http-nio-8080-exec-8] INFO  com.submit.config.UserRealm - 执行逻辑授权
2022-01-23 21:50:22.877 [http-nio-8080-exec-8] INFO  com.submit.service.teacherService - 2018-2019-2 2018-2019-2 2018 1 2 2022
2022-01-23 21:50:22.877 [http-nio-8080-exec-8] INFO  com.submit.service.teacherService - 2018-2019-2 2018-2019-2 2018 1 2 2022
2022-01-23 21:50:22.877 [http-nio-8080-exec-8] INFO  com.submit.service.teacherService - 2018-2019-2 2018-2019-2 2018 1 2 2022
2022-01-23 21:50:22.877 [http-nio-8080-exec-8] INFO  com.submit.service.teacherService - 2018-2019-1 2018-2019-1 2018 1 1 2022
2022-01-23 21:50:22.883 [http-nio-8080-exec-2] INFO  com.submit.config.UserRealm - 执行逻辑授权
2022-01-23 21:50:22.915 [http-nio-8080-exec-5] INFO  com.submit.config.UserRealm - 执行逻辑授权
2022-01-23 21:50:28.002 [http-nio-8080-exec-2] INFO  com.submit.config.UserRealm - 执行逻辑授权
2022-01-23 21:50:28.049 [http-nio-8080-exec-8] INFO  com.submit.config.UserRealm - 执行逻辑授权
2022-01-23 21:50:28.051 [http-nio-8080-exec-8] INFO  com.submit.service.teacherService - 2018-2019-2 2018-2019-2 2018 1 2 2022
2022-01-23 21:50:28.052 [http-nio-8080-exec-8] INFO  com.submit.service.teacherService - 2018-2019-2 2018-2019-2 2018 1 2 2022
2022-01-23 21:50:28.052 [http-nio-8080-exec-8] INFO  com.submit.service.teacherService - 2018-2019-2 2018-2019-2 2018 1 2 2022
2022-01-23 21:50:28.052 [http-nio-8080-exec-8] INFO  com.submit.service.teacherService - 2018-2019-1 2018-2019-1 2018 1 1 2022
2022-01-23 21:50:28.995 [http-nio-8080-exec-8] INFO  com.submit.config.UserRealm - 执行逻辑授权
2022-01-23 21:50:29.044 [http-nio-8080-exec-6] INFO  com.submit.config.UserRealm - 执行逻辑授权
2022-01-23 21:50:29.046 [http-nio-8080-exec-6] INFO  com.submit.service.teacherService - 2018-2019-2 2018-2019-2 2018 1 2 2022
2022-01-23 21:50:29.046 [http-nio-8080-exec-6] INFO  com.submit.service.teacherService - 2018-2019-2 2018-2019-2 2018 1 2 2022
2022-01-23 21:50:29.047 [http-nio-8080-exec-6] INFO  com.submit.service.teacherService - 2018-2019-2 2018-2019-2 2018 1 2 2022
2022-01-23 21:50:29.047 [http-nio-8080-exec-6] INFO  com.submit.service.teacherService - 2018-2019-1 2018-2019-1 2018 1 1 2022
2022-01-23 21:50:29.079 [http-nio-8080-exec-6] INFO  com.submit.config.UserRealm - 执行逻辑授权
2022-01-23 21:50:34.771 [http-nio-8080-exec-2] INFO  com.submit.config.UserRealm - 执行逻辑授权
2022-01-23 21:50:41.843 [http-nio-8080-exec-8] INFO  com.submit.config.UserRealm - 执行逻辑授权
2022-01-23 21:50:41.885 [http-nio-8080-exec-10] INFO  com.submit.config.UserRealm - 执行逻辑授权
2022-01-23 21:50:41.888 [http-nio-8080-exec-10] INFO  com.submit.service.teacherService - 2018-2019-2 2018-2019-2 2018 1 2 2022
2022-01-23 21:50:41.889 [http-nio-8080-exec-10] INFO  com.submit.service.teacherService - 2018-2019-2 2018-2019-2 2018 1 2 2022
2022-01-23 21:50:41.889 [http-nio-8080-exec-10] INFO  com.submit.service.teacherService - 2018-2019-2 2018-2019-2 2018 1 2 2022
2022-01-23 21:50:41.889 [http-nio-8080-exec-10] INFO  com.submit.service.teacherService - 2018-2019-1 2018-2019-1 2018 1 1 2022
2022-01-23 21:50:41.921 [http-nio-8080-exec-10] INFO  com.submit.config.UserRealm - 执行逻辑授权
2022-01-23 21:50:45.785 [http-nio-8080-exec-7] INFO  com.submit.config.UserRealm - 执行逻辑授权
2022-01-23 21:50:45.829 [http-nio-8080-exec-4] INFO  com.submit.config.UserRealm - 执行逻辑授权
2022-01-23 21:50:45.831 [http-nio-8080-exec-4] INFO  com.submit.service.teacherService - 2018-2019-2 2018-2019-2 2018 1 2 2022
2022-01-23 21:50:45.831 [http-nio-8080-exec-4] INFO  com.submit.service.teacherService - 2018-2019-2 2018-2019-2 2018 1 2 2022
2022-01-23 21:50:45.831 [http-nio-8080-exec-4] INFO  com.submit.service.teacherService - 2018-2019-2 2018-2019-2 2018 1 2 2022
2022-01-23 21:50:45.831 [http-nio-8080-exec-4] INFO  com.submit.service.teacherService - 2018-2019-1 2018-2019-1 2018 1 1 2022
2022-01-23 21:50:47.401 [http-nio-8080-exec-4] INFO  com.submit.config.UserRealm - 执行逻辑授权
2022-01-23 21:50:47.441 [http-nio-8080-exec-6] INFO  com.submit.config.UserRealm - 执行逻辑授权
2022-01-23 21:50:47.444 [http-nio-8080-exec-6] INFO  com.submit.service.teacherService - 2018-2019-2 2018-2019-2 2018 1 2 2022
2022-01-23 21:50:47.444 [http-nio-8080-exec-6] INFO  com.submit.service.teacherService - 2018-2019-2 2018-2019-2 2018 1 2 2022
2022-01-23 21:50:47.444 [http-nio-8080-exec-6] INFO  com.submit.service.teacherService - 2018-2019-2 2018-2019-2 2018 1 2 2022
2022-01-23 21:50:47.444 [http-nio-8080-exec-6] INFO  com.submit.service.teacherService - 2018-2019-1 2018-2019-1 2018 1 1 2022
2022-01-23 21:50:47.473 [http-nio-8080-exec-6] INFO  com.submit.config.UserRealm - 执行逻辑授权
2022-01-23 21:50:57.707 [http-nio-8080-exec-9] INFO  com.submit.config.UserRealm - 执行逻辑授权
2022-01-23 21:50:57.757 [http-nio-8080-exec-7] INFO  com.submit.config.UserRealm - 执行逻辑授权
2022-01-23 21:50:57.759 [http-nio-8080-exec-7] INFO  com.submit.service.teacherService - 2018-2019-2 2018-2019-2 2018 1 2 2022
2022-01-23 21:50:57.759 [http-nio-8080-exec-7] INFO  com.submit.service.teacherService - 2018-2019-2 2018-2019-2 2018 1 2 2022
2022-01-23 21:50:57.759 [http-nio-8080-exec-7] INFO  com.submit.service.teacherService - 2018-2019-2 2018-2019-2 2018 1 2 2022
2022-01-23 21:50:57.759 [http-nio-8080-exec-7] INFO  com.submit.service.teacherService - 2018-2019-1 2018-2019-1 2018 1 1 2022
2022-01-23 21:51:01.851 [http-nio-8080-exec-2] INFO  com.submit.config.UserRealm - 执行逻辑授权
2022-01-23 21:51:01.893 [http-nio-8080-exec-10] INFO  com.submit.config.UserRealm - 执行逻辑授权
2022-01-23 21:51:01.896 [http-nio-8080-exec-10] INFO  com.submit.service.teacherService - 2018-2019-2 2018-2019-2 2018 1 2 2022
2022-01-23 21:51:01.896 [http-nio-8080-exec-10] INFO  com.submit.service.teacherService - 2018-2019-2 2018-2019-2 2018 1 2 2022
2022-01-23 21:51:01.896 [http-nio-8080-exec-10] INFO  com.submit.service.teacherService - 2018-2019-2 2018-2019-2 2018 1 2 2022
2022-01-23 21:51:01.896 [http-nio-8080-exec-10] INFO  com.submit.service.teacherService - 2018-2019-1 2018-2019-1 2018 1 1 2022
2022-01-23 21:51:01.923 [http-nio-8080-exec-10] INFO  com.submit.config.UserRealm - 执行逻辑授权
2022-01-23 22:08:39.751 [restartedMain] INFO  com.submit.WorkuploadApplication - Starting WorkuploadApplication on MONSTERCAI-NB1 with PID 2124 (E:\jetbrain_project\workupload\target\classes started by xinxin in E:\jetbrain_project\workupload)
2022-01-23 22:08:39.753 [restartedMain] INFO  com.submit.WorkuploadApplication - The following profiles are active: upload
2022-01-23 22:08:39.782 [restartedMain] INFO  o.s.b.d.env.DevToolsPropertyDefaultsPostProcessor - Devtools property defaults active! Set 'spring.devtools.add-properties' to 'false' to disable
2022-01-23 22:08:39.782 [restartedMain] INFO  o.s.b.d.env.DevToolsPropertyDefaultsPostProcessor - For additional web related logging consider setting the 'logging.level.web' property to 'DEBUG'
2022-01-23 22:08:40.422 [restartedMain] INFO  o.s.c.s.PostProcessorRegistrationDelegate$BeanPostProcessorChecker - Bean 'shiroConfig' of type [com.submit.config.ShiroConfig$$EnhancerBySpringCGLIB$$5ab0a3e2] is not eligible for getting processed by all BeanPostProcessors (for example: not eligible for auto-proxying)
2022-01-23 22:08:40.427 [restartedMain] INFO  o.s.c.s.PostProcessorRegistrationDelegate$BeanPostProcessorChecker - Bean 'org.springframework.transaction.annotation.ProxyTransactionManagementConfiguration' of type [org.springframework.transaction.annotation.ProxyTransactionManagementConfiguration$$EnhancerBySpringCGLIB$$ce9f1f4d] is not eligible for getting processed by all BeanPostProcessors (for example: not eligible for auto-proxying)
2022-01-23 22:08:40.465 [restartedMain] INFO  o.s.c.s.PostProcessorRegistrationDelegate$BeanPostProcessorChecker - Bean 'mybatis-org.mybatis.spring.boot.autoconfigure.MybatisProperties' of type [org.mybatis.spring.boot.autoconfigure.MybatisProperties] is not eligible for getting processed by all BeanPostProcessors (for example: not eligible for auto-proxying)
2022-01-23 22:08:40.470 [restartedMain] INFO  o.s.c.s.PostProcessorRegistrationDelegate$BeanPostProcessorChecker - Bean 'org.mybatis.spring.boot.autoconfigure.MybatisAutoConfiguration' of type [org.mybatis.spring.boot.autoconfigure.MybatisAutoConfiguration$$EnhancerBySpringCGLIB$$173707d] is not eligible for getting processed by all BeanPostProcessors (for example: not eligible for auto-proxying)
2022-01-23 22:08:40.475 [restartedMain] INFO  o.s.c.s.PostProcessorRegistrationDelegate$BeanPostProcessorChecker - Bean 'druidConfig' of type [com.submit.config.DruidConfig$$EnhancerBySpringCGLIB$$af570753] is not eligible for getting processed by all BeanPostProcessors (for example: not eligible for auto-proxying)
2022-01-23 22:08:40.515 [restartedMain] INFO  o.s.c.s.PostProcessorRegistrationDelegate$BeanPostProcessorChecker - Bean 'dataSource' of type [com.alibaba.druid.pool.DruidDataSource] is not eligible for getting processed by all BeanPostProcessors (for example: not eligible for auto-proxying)
2022-01-23 22:08:40.530 [restartedMain] INFO  o.s.c.s.PostProcessorRegistrationDelegate$BeanPostProcessorChecker - Bean 'spring.datasource-org.springframework.boot.autoconfigure.jdbc.DataSourceProperties' of type [org.springframework.boot.autoconfigure.jdbc.DataSourceProperties] is not eligible for getting processed by all BeanPostProcessors (for example: not eligible for auto-proxying)
2022-01-23 22:08:40.533 [restartedMain] INFO  o.s.c.s.PostProcessorRegistrationDelegate$BeanPostProcessorChecker - Bean 'org.springframework.boot.autoconfigure.jdbc.DataSourceInitializerInvoker' of type [org.springframework.boot.autoconfigure.jdbc.DataSourceInitializerInvoker] is not eligible for getting processed by all BeanPostProcessors (for example: not eligible for auto-proxying)
2022-01-23 22:08:40.702 [restartedMain] INFO  o.s.c.s.PostProcessorRegistrationDelegate$BeanPostProcessorChecker - Bean 'sqlSessionFactory' of type [org.apache.ibatis.session.defaults.DefaultSqlSessionFactory] is not eligible for getting processed by all BeanPostProcessors (for example: not eligible for auto-proxying)
2022-01-23 22:08:40.706 [restartedMain] INFO  o.s.c.s.PostProcessorRegistrationDelegate$BeanPostProcessorChecker - Bean 'sqlSessionTemplate' of type [org.mybatis.spring.SqlSessionTemplate] is not eligible for getting processed by all BeanPostProcessors (for example: not eligible for auto-proxying)
2022-01-23 22:08:40.707 [restartedMain] INFO  o.s.c.s.PostProcessorRegistrationDelegate$BeanPostProcessorChecker - Bean 'studentMapper' of type [org.mybatis.spring.mapper.MapperFactoryBean] is not eligible for getting processed by all BeanPostProcessors (for example: not eligible for auto-proxying)
2022-01-23 22:08:40.708 [restartedMain] INFO  o.s.c.s.PostProcessorRegistrationDelegate$BeanPostProcessorChecker - Bean 'studentMapper' of type [com.sun.proxy.$Proxy63] is not eligible for getting processed by all BeanPostProcessors (for example: not eligible for auto-proxying)
2022-01-23 22:08:40.711 [restartedMain] INFO  o.s.c.s.PostProcessorRegistrationDelegate$BeanPostProcessorChecker - Bean 'teacherMapper' of type [org.mybatis.spring.mapper.MapperFactoryBean] is not eligible for getting processed by all BeanPostProcessors (for example: not eligible for auto-proxying)
2022-01-23 22:08:40.711 [restartedMain] INFO  o.s.c.s.PostProcessorRegistrationDelegate$BeanPostProcessorChecker - Bean 'teacherMapper' of type [com.sun.proxy.$Proxy65] is not eligible for getting processed by all BeanPostProcessors (for example: not eligible for auto-proxying)
2022-01-23 22:08:40.712 [restartedMain] INFO  o.s.c.s.PostProcessorRegistrationDelegate$BeanPostProcessorChecker - Bean 'userRealm' of type [com.submit.config.UserRealm] is not eligible for getting processed by all BeanPostProcessors (for example: not eligible for auto-proxying)
2022-01-23 22:08:41.515 [restartedMain] INFO  o.s.c.s.PostProcessorRegistrationDelegate$BeanPostProcessorChecker - Bean 'securityManager' of type [org.apache.shiro.web.mgt.DefaultWebSecurityManager] is not eligible for getting processed by all BeanPostProcessors (for example: not eligible for auto-proxying)
2022-01-23 22:08:41.796 [restartedMain] INFO  o.s.boot.web.embedded.tomcat.TomcatWebServer - Tomcat initialized with port(s): 8080 (http)
2022-01-23 22:08:41.806 [restartedMain] INFO  org.apache.coyote.http11.Http11NioProtocol - Initializing ProtocolHandler ["http-nio-8080"]
2022-01-23 22:08:41.813 [restartedMain] INFO  org.apache.catalina.core.StandardService - Starting service [Tomcat]
2022-01-23 22:08:41.813 [restartedMain] INFO  org.apache.catalina.core.StandardEngine - Starting Servlet engine: [Apache Tomcat/9.0.17]
2022-01-23 22:08:41.923 [restartedMain] INFO  o.a.c.core.ContainerBase.[Tomcat].[localhost].[/] - Initializing Spring embedded WebApplicationContext
2022-01-23 22:08:41.924 [restartedMain] INFO  org.springframework.web.context.ContextLoader - Root WebApplicationContext: initialization completed in 2142 ms
2022-01-23 22:08:42.101 [restartedMain] INFO  o.s.scheduling.concurrent.ThreadPoolTaskExecutor - Initializing ExecutorService 'applicationTaskExecutor'
2022-01-23 22:08:42.191 [restartedMain] INFO  o.s.b.a.web.servlet.WelcomePageHandlerMapping - Adding welcome page: class path resource [static/index.html]
2022-01-23 22:08:42.314 [restartedMain] INFO  o.s.b.d.autoconfigure.OptionalLiveReloadServer - LiveReload server is running on port 35729
2022-01-23 22:08:42.335 [restartedMain] INFO  org.apache.coyote.http11.Http11NioProtocol - Starting ProtocolHandler ["http-nio-8080"]
2022-01-23 22:08:42.356 [restartedMain] INFO  o.s.boot.web.embedded.tomcat.TomcatWebServer - Tomcat started on port(s): 8080 (http) with context path ''
2022-01-23 22:08:42.358 [restartedMain] INFO  com.submit.WorkuploadApplication - Started WorkuploadApplication in 2.954 seconds (JVM running for 4.532)
2022-01-23 22:08:46.824 [http-nio-8080-exec-1] INFO  o.a.c.core.ContainerBase.[Tomcat].[localhost].[/] - Initializing Spring DispatcherServlet 'dispatcherServlet'
2022-01-23 22:08:46.824 [http-nio-8080-exec-1] INFO  org.springframework.web.servlet.DispatcherServlet - Initializing Servlet 'dispatcherServlet'
2022-01-23 22:08:46.829 [http-nio-8080-exec-1] INFO  org.springframework.web.servlet.DispatcherServlet - Completed initialization in 5 ms
2022-01-23 22:08:52.157 [http-nio-8080-exec-10] INFO  com.alibaba.druid.pool.DruidDataSource - {dataSource-1} inited
2022-01-23 22:08:52.279 [http-nio-8080-exec-1] INFO  com.submit.config.UserRealm - 执行逻辑授权
2022-01-23 22:08:54.986 [http-nio-8080-exec-2] INFO  com.submit.config.UserRealm - 执行逻辑授权
2022-01-23 22:08:55.035 [http-nio-8080-exec-8] INFO  com.submit.config.UserRealm - 执行逻辑授权
2022-01-23 22:08:55.040 [http-nio-8080-exec-8] INFO  com.submit.service.teacherService - 2018-2019-2 2018-2019-2 2018 1 2 2022
2022-01-23 22:08:55.040 [http-nio-8080-exec-8] INFO  com.submit.service.teacherService - 2018-2019-2 2018-2019-2 2018 1 2 2022
2022-01-23 22:08:55.040 [http-nio-8080-exec-8] INFO  com.submit.service.teacherService - 2018-2019-2 2018-2019-2 2018 1 2 2022
2022-01-23 22:08:55.040 [http-nio-8080-exec-8] INFO  com.submit.service.teacherService - 2018-2019-1 2018-2019-1 2018 1 1 2022
2022-01-23 22:08:55.087 [http-nio-8080-exec-1] INFO  com.submit.config.UserRealm - 执行逻辑授权
2022-01-23 22:09:17.803 [http-nio-8080-exec-3] INFO  com.submit.config.UserRealm - 执行逻辑授权
2022-01-23 22:09:19.369 [http-nio-8080-exec-9] INFO  com.submit.config.UserRealm - 执行逻辑授权
2022-01-23 22:09:25.018 [http-nio-8080-exec-3] INFO  com.submit.config.UserRealm - 执行逻辑授权
2022-01-23 22:09:25.067 [http-nio-8080-exec-8] INFO  com.submit.config.UserRealm - 执行逻辑授权
2022-01-23 22:09:25.072 [http-nio-8080-exec-8] INFO  com.submit.service.teacherService - 2018-2019-2 2018-2019-2 2018 1 2 2022
2022-01-23 22:09:25.072 [http-nio-8080-exec-8] INFO  com.submit.service.teacherService - 2018-2019-2 2018-2019-2 2018 1 2 2022
2022-01-23 22:09:25.072 [http-nio-8080-exec-8] INFO  com.submit.service.teacherService - 2018-2019-2 2018-2019-2 2018 1 2 2022
2022-01-23 22:09:25.072 [http-nio-8080-exec-8] INFO  com.submit.service.teacherService - 2018-2019-1 2018-2019-1 2018 1 1 2022
2022-01-23 22:09:25.113 [http-nio-8080-exec-8] INFO  com.submit.config.UserRealm - 执行逻辑授权
2022-01-23 22:09:27.448 [http-nio-8080-exec-5] INFO  com.submit.config.UserRealm - 执行逻辑授权
2022-01-23 22:09:27.497 [http-nio-8080-exec-2] INFO  com.submit.config.UserRealm - 执行逻辑授权
2022-01-23 22:09:27.500 [http-nio-8080-exec-2] INFO  com.submit.service.teacherService - 2018-2019-2 2018-2019-2 2018 1 2 2022
2022-01-23 22:09:27.500 [http-nio-8080-exec-2] INFO  com.submit.service.teacherService - 2018-2019-2 2018-2019-2 2018 1 2 2022
2022-01-23 22:09:27.500 [http-nio-8080-exec-2] INFO  com.submit.service.teacherService - 2018-2019-2 2018-2019-2 2018 1 2 2022
2022-01-23 22:09:27.500 [http-nio-8080-exec-2] INFO  com.submit.service.teacherService - 2018-2019-1 2018-2019-1 2018 1 1 2022
2022-01-23 22:09:28.319 [http-nio-8080-exec-2] INFO  com.submit.config.UserRealm - 执行逻辑授权
2022-01-23 22:09:28.369 [http-nio-8080-exec-1] INFO  com.submit.config.UserRealm - 执行逻辑授权
2022-01-23 22:09:28.372 [http-nio-8080-exec-1] INFO  com.submit.service.teacherService - 2018-2019-2 2018-2019-2 2018 1 2 2022
2022-01-23 22:09:28.372 [http-nio-8080-exec-1] INFO  com.submit.service.teacherService - 2018-2019-2 2018-2019-2 2018 1 2 2022
2022-01-23 22:09:28.372 [http-nio-8080-exec-1] INFO  com.submit.service.teacherService - 2018-2019-2 2018-2019-2 2018 1 2 2022
2022-01-23 22:09:28.372 [http-nio-8080-exec-1] INFO  com.submit.service.teacherService - 2018-2019-1 2018-2019-1 2018 1 1 2022
2022-01-23 22:09:28.379 [http-nio-8080-exec-2] INFO  com.submit.config.UserRealm - 执行逻辑授权
2022-01-23 22:09:28.412 [http-nio-8080-exec-7] INFO  com.submit.config.UserRealm - 执行逻辑授权
2022-01-23 22:09:36.003 [http-nio-8080-exec-6] INFO  com.submit.config.UserRealm - 执行逻辑授权
2022-01-23 22:09:36.047 [http-nio-8080-exec-8] INFO  com.submit.config.UserRealm - 执行逻辑授权
2022-01-23 22:09:36.050 [http-nio-8080-exec-8] INFO  com.submit.service.teacherService - 2018-2019-2 2018-2019-2 2018 1 2 2022
2022-01-23 22:09:36.050 [http-nio-8080-exec-8] INFO  com.submit.service.teacherService - 2018-2019-2 2018-2019-2 2018 1 2 2022
2022-01-23 22:09:36.050 [http-nio-8080-exec-8] INFO  com.submit.service.teacherService - 2018-2019-2 2018-2019-2 2018 1 2 2022
2022-01-23 22:09:36.050 [http-nio-8080-exec-8] INFO  com.submit.service.teacherService - 2018-2019-1 2018-2019-1 2018 1 1 2022
2022-01-23 22:09:38.888 [http-nio-8080-exec-8] INFO  com.submit.config.UserRealm - 执行逻辑授权
2022-01-23 22:09:38.939 [http-nio-8080-exec-2] INFO  com.submit.config.UserRealm - 执行逻辑授权
2022-01-23 22:09:38.942 [http-nio-8080-exec-2] INFO  com.submit.service.teacherService - 2018-2019-2 2018-2019-2 2018 1 2 2022
2022-01-23 22:09:38.942 [http-nio-8080-exec-2] INFO  com.submit.service.teacherService - 2018-2019-2 2018-2019-2 2018 1 2 2022
2022-01-23 22:09:38.942 [http-nio-8080-exec-2] INFO  com.submit.service.teacherService - 2018-2019-2 2018-2019-2 2018 1 2 2022
2022-01-23 22:09:38.942 [http-nio-8080-exec-2] INFO  com.submit.service.teacherService - 2018-2019-1 2018-2019-1 2018 1 1 2022
2022-01-23 22:09:38.947 [http-nio-8080-exec-3] INFO  com.submit.config.UserRealm - 执行逻辑授权
2022-01-23 22:09:38.991 [http-nio-8080-exec-8] INFO  com.submit.config.UserRealm - 执行逻辑授权
2022-01-23 22:09:52.085 [http-nio-8080-exec-7] INFO  com.submit.config.UserRealm - 执行逻辑授权
2022-01-23 22:26:51.528 [http-nio-8080-exec-7] INFO  com.submit.config.UserRealm - 执行逻辑授权
2022-01-23 22:27:00.681 [http-nio-8080-exec-5] INFO  com.submit.config.UserRealm - 执行逻辑授权
2022-01-23 22:27:00.736 [http-nio-8080-exec-4] INFO  com.submit.config.UserRealm - 执行逻辑授权
2022-01-23 22:27:00.744 [http-nio-8080-exec-4] INFO  com.submit.service.teacherService - 2018-2019-2 2018-2019-2 2018 1 2 2022
2022-01-23 22:27:00.744 [http-nio-8080-exec-4] INFO  com.submit.service.teacherService - 2018-2019-2 2018-2019-2 2018 1 2 2022
2022-01-23 22:27:00.744 [http-nio-8080-exec-4] INFO  com.submit.service.teacherService - 2018-2019-2 2018-2019-2 2018 1 2 2022
2022-01-23 22:27:00.744 [http-nio-8080-exec-4] INFO  com.submit.service.teacherService - 2018-2019-1 2018-2019-1 2018 1 1 2022
2022-01-23 22:27:00.779 [http-nio-8080-exec-10] INFO  com.submit.config.UserRealm - 执行逻辑授权
2022-01-23 22:27:02.126 [http-nio-8080-exec-6] INFO  com.submit.config.UserRealm - 执行逻辑授权
2022-01-23 22:27:02.175 [http-nio-8080-exec-10] INFO  com.submit.config.UserRealm - 执行逻辑授权
2022-01-23 22:27:02.178 [http-nio-8080-exec-10] INFO  com.submit.service.teacherService - 2018-2019-2 2018-2019-2 2018 1 2 2022
2022-01-23 22:27:02.178 [http-nio-8080-exec-10] INFO  com.submit.service.teacherService - 2018-2019-2 2018-2019-2 2018 1 2 2022
2022-01-23 22:27:02.178 [http-nio-8080-exec-10] INFO  com.submit.service.teacherService - 2018-2019-2 2018-2019-2 2018 1 2 2022
2022-01-23 22:27:02.178 [http-nio-8080-exec-10] INFO  com.submit.service.teacherService - 2018-2019-1 2018-2019-1 2018 1 1 2022
2022-01-23 22:27:06.042 [http-nio-8080-exec-9] INFO  com.submit.config.UserRealm - 执行逻辑授权
2022-01-23 22:27:06.089 [http-nio-8080-exec-10] INFO  com.submit.config.UserRealm - 执行逻辑授权
2022-01-23 22:27:06.093 [http-nio-8080-exec-10] INFO  com.submit.service.teacherService - 2018-2019-2 2018-2019-2 2018 1 2 2022
2022-01-23 22:27:06.093 [http-nio-8080-exec-10] INFO  com.submit.service.teacherService - 2018-2019-2 2018-2019-2 2018 1 2 2022
2022-01-23 22:27:06.093 [http-nio-8080-exec-10] INFO  com.submit.service.teacherService - 2018-2019-2 2018-2019-2 2018 1 2 2022
2022-01-23 22:27:06.093 [http-nio-8080-exec-10] INFO  com.submit.service.teacherService - 2018-2019-1 2018-2019-1 2018 1 1 2022
2022-01-23 22:27:06.097 [http-nio-8080-exec-9] INFO  com.submit.config.UserRealm - 执行逻辑授权
2022-01-23 22:27:06.138 [http-nio-8080-exec-6] INFO  com.submit.config.UserRealm - 执行逻辑授权
2022-01-23 22:27:06.380 [http-nio-8080-exec-9] INFO  com.submit.config.UserRealm - 执行逻辑授权
2022-01-23 22:27:06.425 [http-nio-8080-exec-10] INFO  com.submit.config.UserRealm - 执行逻辑授权
2022-01-23 22:27:06.428 [http-nio-8080-exec-10] INFO  com.submit.service.teacherService - 2018-2019-2 2018-2019-2 2018 1 2 2022
2022-01-23 22:27:06.428 [http-nio-8080-exec-10] INFO  com.submit.service.teacherService - 2018-2019-2 2018-2019-2 2018 1 2 2022
2022-01-23 22:27:06.428 [http-nio-8080-exec-10] INFO  com.submit.service.teacherService - 2018-2019-2 2018-2019-2 2018 1 2 2022
2022-01-23 22:27:06.428 [http-nio-8080-exec-10] INFO  com.submit.service.teacherService - 2018-2019-1 2018-2019-1 2018 1 1 2022
2022-01-23 22:27:08.549 [http-nio-8080-exec-10] INFO  com.submit.config.UserRealm - 执行逻辑授权
2022-01-23 22:27:08.589 [http-nio-8080-exec-3] INFO  com.submit.config.UserRealm - 执行逻辑授权
2022-01-23 22:27:08.594 [http-nio-8080-exec-3] INFO  com.submit.service.teacherService - 2018-2019-2 2018-2019-2 2018 1 2 2022
2022-01-23 22:27:08.594 [http-nio-8080-exec-3] INFO  com.submit.service.teacherService - 2018-2019-2 2018-2019-2 2018 1 2 2022
2022-01-23 22:27:08.594 [http-nio-8080-exec-3] INFO  com.submit.service.teacherService - 2018-2019-2 2018-2019-2 2018 1 2 2022
2022-01-23 22:27:08.594 [http-nio-8080-exec-3] INFO  com.submit.service.teacherService - 2018-2019-1 2018-2019-1 2018 1 1 2022
2022-01-23 22:27:08.618 [http-nio-8080-exec-3] INFO  com.submit.config.UserRealm - 执行逻辑授权
2022-01-23 22:27:17.983 [http-nio-8080-exec-9] INFO  com.submit.config.UserRealm - 执行逻辑授权
2022-01-23 22:27:18.032 [http-nio-8080-exec-10] INFO  com.submit.config.UserRealm - 执行逻辑授权
2022-01-23 22:27:18.036 [http-nio-8080-exec-10] INFO  com.submit.service.teacherService - 2018-2019-2 2018-2019-2 2018 1 2 2022
2022-01-23 22:27:18.036 [http-nio-8080-exec-10] INFO  com.submit.service.teacherService - 2018-2019-2 2018-2019-2 2018 1 2 2022
2022-01-23 22:27:18.036 [http-nio-8080-exec-10] INFO  com.submit.service.teacherService - 2018-2019-2 2018-2019-2 2018 1 2 2022
2022-01-23 22:27:18.036 [http-nio-8080-exec-10] INFO  com.submit.service.teacherService - 2018-2019-1 2018-2019-1 2018 1 1 2022
2022-01-23 22:27:18.042 [http-nio-8080-exec-6] INFO  com.submit.config.UserRealm - 执行逻辑授权
2022-01-23 22:27:18.083 [http-nio-8080-exec-9] INFO  com.submit.config.UserRealm - 执行逻辑授权
2022-01-23 22:30:26.198 [http-nio-8080-exec-7] INFO  com.submit.config.UserRealm - 执行逻辑授权
2022-01-23 22:30:26.286 [http-nio-8080-exec-9] INFO  com.submit.config.UserRealm - 执行逻辑授权
2022-01-23 22:30:27.141 [http-nio-8080-exec-4] INFO  com.submit.config.UserRealm - 执行逻辑授权
2022-01-23 22:30:27.977 [http-nio-8080-exec-6] INFO  com.submit.config.UserRealm - 执行逻辑授权
2022-01-23 22:30:28.288 [http-nio-8080-exec-5] INFO  com.submit.config.UserRealm - 执行逻辑授权
2022-01-23 22:30:28.336 [http-nio-8080-exec-4] INFO  com.submit.config.UserRealm - 执行逻辑授权
2022-01-23 22:30:28.339 [http-nio-8080-exec-4] INFO  com.submit.service.teacherService - 2018-2019-2 2018-2019-2 2018 1 2 2022
2022-01-23 22:30:28.339 [http-nio-8080-exec-4] INFO  com.submit.service.teacherService - 2018-2019-2 2018-2019-2 2018 1 2 2022
2022-01-23 22:30:28.339 [http-nio-8080-exec-4] INFO  com.submit.service.teacherService - 2018-2019-2 2018-2019-2 2018 1 2 2022
2022-01-23 22:30:28.339 [http-nio-8080-exec-4] INFO  com.submit.service.teacherService - 2018-2019-1 2018-2019-1 2018 1 1 2022
2022-01-23 22:30:28.377 [http-nio-8080-exec-4] INFO  com.submit.config.UserRealm - 执行逻辑授权
2022-01-23 22:30:29.934 [http-nio-8080-exec-8] INFO  com.submit.config.UserRealm - 执行逻辑授权
2022-01-23 22:30:29.982 [http-nio-8080-exec-5] INFO  com.submit.config.UserRealm - 执行逻辑授权
2022-01-23 22:30:29.985 [http-nio-8080-exec-5] INFO  com.submit.service.teacherService - 2018-2019-2 2018-2019-2 2018 1 2 2022
2022-01-23 22:30:29.985 [http-nio-8080-exec-5] INFO  com.submit.service.teacherService - 2018-2019-2 2018-2019-2 2018 1 2 2022
2022-01-23 22:30:29.985 [http-nio-8080-exec-5] INFO  com.submit.service.teacherService - 2018-2019-2 2018-2019-2 2018 1 2 2022
2022-01-23 22:30:29.985 [http-nio-8080-exec-5] INFO  com.submit.service.teacherService - 2018-2019-1 2018-2019-1 2018 1 1 2022
2022-01-23 22:30:30.202 [http-nio-8080-exec-5] INFO  com.submit.config.UserRealm - 执行逻辑授权
2022-01-23 22:30:30.251 [http-nio-8080-exec-4] INFO  com.submit.config.UserRealm - 执行逻辑授权
2022-01-23 22:30:30.255 [http-nio-8080-exec-4] INFO  com.submit.service.teacherService - 2018-2019-2 2018-2019-2 2018 1 2 2022
2022-01-23 22:30:30.255 [http-nio-8080-exec-4] INFO  com.submit.service.teacherService - 2018-2019-2 2018-2019-2 2018 1 2 2022
2022-01-23 22:30:30.255 [http-nio-8080-exec-4] INFO  com.submit.service.teacherService - 2018-2019-2 2018-2019-2 2018 1 2 2022
2022-01-23 22:30:30.255 [http-nio-8080-exec-4] INFO  com.submit.service.teacherService - 2018-2019-1 2018-2019-1 2018 1 1 2022
2022-01-23 22:30:30.284 [http-nio-8080-exec-4] INFO  com.submit.config.UserRealm - 执行逻辑授权
2022-01-23 22:30:38.006 [http-nio-8080-exec-7] INFO  com.submit.config.UserRealm - 执行逻辑授权
2022-01-23 22:30:38.049 [http-nio-8080-exec-10] INFO  com.submit.config.UserRealm - 执行逻辑授权
2022-01-23 22:30:38.052 [http-nio-8080-exec-10] INFO  com.submit.service.teacherService - 2018-2019-2 2018-2019-2 2018 1 2 2022
2022-01-23 22:30:38.053 [http-nio-8080-exec-10] INFO  com.submit.service.teacherService - 2018-2019-2 2018-2019-2 2018 1 2 2022
2022-01-23 22:30:38.053 [http-nio-8080-exec-10] INFO  com.submit.service.teacherService - 2018-2019-2 2018-2019-2 2018 1 2 2022
2022-01-23 22:30:38.053 [http-nio-8080-exec-10] INFO  com.submit.service.teacherService - 2018-2019-1 2018-2019-1 2018 1 1 2022
2022-01-23 22:30:42.094 [http-nio-8080-exec-10] INFO  com.submit.config.UserRealm - 执行逻辑授权
2022-01-23 22:30:49.516 [http-nio-8080-exec-1] INFO  com.submit.config.UserRealm - 执行逻辑授权
2022-01-23 22:30:51.872 [http-nio-8080-exec-10] INFO  com.submit.config.UserRealm - 执行逻辑授权
2022-01-23 22:30:51.914 [http-nio-8080-exec-6] INFO  com.submit.config.UserRealm - 执行逻辑授权
2022-01-23 22:30:51.916 [http-nio-8080-exec-6] INFO  com.submit.service.teacherService - 2018-2019-2 2018-2019-2 2018 1 2 2022
2022-01-23 22:30:51.916 [http-nio-8080-exec-6] INFO  com.submit.service.teacherService - 2018-2019-2 2018-2019-2 2018 1 2 2022
2022-01-23 22:30:51.916 [http-nio-8080-exec-6] INFO  com.submit.service.teacherService - 2018-2019-2 2018-2019-2 2018 1 2 2022
2022-01-23 22:30:51.916 [http-nio-8080-exec-6] INFO  com.submit.service.teacherService - 2018-2019-1 2018-2019-1 2018 1 1 2022
2022-01-23 22:30:51.951 [http-nio-8080-exec-6] INFO  com.submit.config.UserRealm - 执行逻辑授权
2022-01-23 22:30:53.940 [http-nio-8080-exec-9] INFO  com.submit.config.UserRealm - 执行逻辑授权
2022-01-23 22:30:54.024 [http-nio-8080-exec-10] INFO  com.submit.config.UserRealm - 执行逻辑授权
2022-01-23 22:30:56.598 [http-nio-8080-exec-4] INFO  com.submit.config.UserRealm - 执行逻辑授权
2022-01-23 22:30:56.643 [http-nio-8080-exec-9] INFO  com.submit.config.UserRealm - 执行逻辑授权
2022-01-23 22:30:56.646 [http-nio-8080-exec-9] INFO  com.submit.service.teacherService - 2018-2019-2 2018-2019-2 2018 1 2 2022
2022-01-23 22:30:56.646 [http-nio-8080-exec-9] INFO  com.submit.service.teacherService - 2018-2019-2 2018-2019-2 2018 1 2 2022
2022-01-23 22:30:56.646 [http-nio-8080-exec-9] INFO  com.submit.service.teacherService - 2018-2019-2 2018-2019-2 2018 1 2 2022
2022-01-23 22:30:56.646 [http-nio-8080-exec-9] INFO  com.submit.service.teacherService - 2018-2019-1 2018-2019-1 2018 1 1 2022
2022-01-23 22:30:56.677 [http-nio-8080-exec-9] INFO  com.submit.config.UserRealm - 执行逻辑授权
2022-01-23 22:49:22.789 [http-nio-8080-exec-4] INFO  com.submit.config.UserRealm - 执行逻辑授权
2022-01-23 22:49:25.166 [http-nio-8080-exec-1] INFO  com.submit.config.UserRealm - 执行逻辑授权
2022-01-23 22:49:26.677 [http-nio-8080-exec-9] INFO  com.submit.config.UserRealm - 执行逻辑授权
2022-01-23 22:49:33.403 [http-nio-8080-exec-6] INFO  com.submit.config.UserRealm - 执行逻辑授权
2022-01-23 22:49:39.916 [http-nio-8080-exec-8] INFO  com.submit.config.UserRealm - 执行逻辑授权
2022-01-23 22:49:40.644 [http-nio-8080-exec-5] INFO  com.submit.config.UserRealm - 执行逻辑授权
2022-01-23 22:49:42.908 [http-nio-8080-exec-9] INFO  com.submit.config.UserRealm - 执行逻辑授权
2022-01-23 22:56:02.446 [http-nio-8080-exec-9] INFO  com.submit.config.UserRealm - 执行逻辑授权
2022-01-23 22:56:03.531 [http-nio-8080-exec-9] INFO  com.submit.config.UserRealm - 执行逻辑授权
2022-01-23 22:56:04.345 [http-nio-8080-exec-5] INFO  com.submit.config.UserRealm - 执行逻辑授权
2022-01-23 22:56:05.068 [http-nio-8080-exec-7] INFO  com.submit.config.UserRealm - 执行逻辑授权
2022-01-23 22:56:23.181 [http-nio-8080-exec-1] INFO  com.submit.config.UserRealm - 执行逻辑授权
2022-01-23 22:56:40.115 [http-nio-8080-exec-4] INFO  com.submit.config.UserRealm - 执行逻辑授权
2022-01-23 22:56:48.540 [http-nio-8080-exec-3] INFO  com.submit.config.UserRealm - 执行逻辑授权
2022-01-23 22:57:34.339 [http-nio-8080-exec-6] INFO  com.submit.config.UserRealm - 执行逻辑授权
2022-01-23 22:57:38.282 [http-nio-8080-exec-2] INFO  com.submit.config.UserRealm - 执行逻辑授权
2022-01-23 22:57:45.972 [http-nio-8080-exec-2] INFO  com.submit.config.UserRealm - 执行逻辑授权
2022-01-23 22:57:46.997 [http-nio-8080-exec-2] INFO  com.submit.config.UserRealm - 执行逻辑授权
2022-01-23 22:57:47.316 [http-nio-8080-exec-2] INFO  com.submit.config.UserRealm - 执行逻辑授权
